[1.016s] Invoking command in '/home/murilo_prianti/Documents/GitHub/prova_sem_5/meu_workspace/src/ola_mundo': PYTHONPATH=/home/murilo_prianti/Documents/GitHub/prova_sem_5/build/ola_mundo/prefix_override:/home/murilo_prianti/Documents/GitHub/prova_sem_5/install/ola_mundo/lib/python3.10/site-packages:${PYTHONPATH} /usr/bin/python3 -W ignore:setup.py install is deprecated setup.py egg_info --egg-base ../../../build/ola_mundo build --build-base /home/murilo_prianti/Documents/GitHub/prova_sem_5/build/ola_mundo/build install --record /home/murilo_prianti/Documents/GitHub/prova_sem_5/build/ola_mundo/install.log --single-version-externally-managed install_data
[1.189s] running egg_info
[1.190s] writing ../../../build/ola_mundo/ola_mundo.egg-info/PKG-INFO
[1.207s] writing dependency_links to ../../../build/ola_mundo/ola_mundo.egg-info/dependency_links.txt
[1.207s] writing entry points to ../../../build/ola_mundo/ola_mundo.egg-info/entry_points.txt
[1.207s] writing requirements to ../../../build/ola_mundo/ola_mundo.egg-info/requires.txt
[1.207s] writing top-level names to ../../../build/ola_mundo/ola_mundo.egg-info/top_level.txt
[1.208s] reading manifest file '../../../build/ola_mundo/ola_mundo.egg-info/SOURCES.txt'
[1.246s] writing manifest file '../../../build/ola_mundo/ola_mundo.egg-info/SOURCES.txt'
[1.250s] running build
[1.250s] running build_py
[1.250s] running install
[1.251s] running install_lib
[1.252s] running install_data
[1.252s] running install_egg_info
[1.254s] removing '/home/murilo_prianti/Documents/GitHub/prova_sem_5/install/ola_mundo/lib/python3.10/site-packages/ola_mundo-0.0.0-py3.10.egg-info' (and everything under it)
[1.283s] Copying ../../../build/ola_mundo/ola_mundo.egg-info to /home/murilo_prianti/Documents/GitHub/prova_sem_5/install/ola_mundo/lib/python3.10/site-packages/ola_mundo-0.0.0-py3.10.egg-info
[1.283s] running install_scripts
[1.304s] Installing ola script to /home/murilo_prianti/Documents/GitHub/prova_sem_5/install/ola_mundo/lib/ola_mundo
[1.325s] writing list of installed files to '/home/murilo_prianti/Documents/GitHub/prova_sem_5/build/ola_mundo/install.log'
[1.445s] Invoked command in '/home/murilo_prianti/Documents/GitHub/prova_sem_5/meu_workspace/src/ola_mundo' returned '0': PYTHONPATH=/home/murilo_prianti/Documents/GitHub/prova_sem_5/build/ola_mundo/prefix_override:/home/murilo_prianti/Documents/GitHub/prova_sem_5/install/ola_mundo/lib/python3.10/site-packages:${PYTHONPATH} /usr/bin/python3 -W ignore:setup.py install is deprecated setup.py egg_info --egg-base ../../../build/ola_mundo build --build-base /home/murilo_prianti/Documents/GitHub/prova_sem_5/build/ola_mundo/build install --record /home/murilo_prianti/Documents/GitHub/prova_sem_5/build/ola_mundo/install.log --single-version-externally-managed install_data
