[0.741s] Invoking command in '/home/murilo_prianti/Documents/GitHub/prova_sem_5/meu_workspace/src/ola_mundo': PYTHONPATH=/home/murilo_prianti/Documents/GitHub/prova_sem_5/build/ola_mundo/prefix_override:/home/murilo_prianti/Documents/GitHub/prova_sem_5/install/ola_mundo/lib/python3.10/site-packages:${PYTHONPATH} /usr/bin/python3 -W ignore:setup.py install is deprecated setup.py egg_info --egg-base ../../../build/ola_mundo build --build-base /home/murilo_prianti/Documents/GitHub/prova_sem_5/build/ola_mundo/build install --record /home/murilo_prianti/Documents/GitHub/prova_sem_5/build/ola_mundo/install.log --single-version-externally-managed install_data
[0.940s] running egg_info
[0.940s] writing ../../../build/ola_mundo/ola_mundo.egg-info/PKG-INFO
[0.942s] writing dependency_links to ../../../build/ola_mundo/ola_mundo.egg-info/dependency_links.txt
[0.943s] writing entry points to ../../../build/ola_mundo/ola_mundo.egg-info/entry_points.txt
[0.943s] writing requirements to ../../../build/ola_mundo/ola_mundo.egg-info/requires.txt
[0.943s] writing top-level names to ../../../build/ola_mundo/ola_mundo.egg-info/top_level.txt
[0.947s] reading manifest file '../../../build/ola_mundo/ola_mundo.egg-info/SOURCES.txt'
[0.952s] writing manifest file '../../../build/ola_mundo/ola_mundo.egg-info/SOURCES.txt'
[0.952s] running build
[0.952s] running build_py
[0.952s] running install
[0.952s] running install_lib
[0.953s] running install_data
[0.953s] running install_egg_info
[0.955s] removing '/home/murilo_prianti/Documents/GitHub/prova_sem_5/install/ola_mundo/lib/python3.10/site-packages/ola_mundo-0.0.0-py3.10.egg-info' (and everything under it)
[0.955s] Copying ../../../build/ola_mundo/ola_mundo.egg-info to /home/murilo_prianti/Documents/GitHub/prova_sem_5/install/ola_mundo/lib/python3.10/site-packages/ola_mundo-0.0.0-py3.10.egg-info
[0.955s] running install_scripts
[0.972s] Installing ola script to /home/murilo_prianti/Documents/GitHub/prova_sem_5/install/ola_mundo/lib/ola_mundo
[0.972s] writing list of installed files to '/home/murilo_prianti/Documents/GitHub/prova_sem_5/build/ola_mundo/install.log'
[1.030s] Invoked command in '/home/murilo_prianti/Documents/GitHub/prova_sem_5/meu_workspace/src/ola_mundo' returned '0': PYTHONPATH=/home/murilo_prianti/Documents/GitHub/prova_sem_5/build/ola_mundo/prefix_override:/home/murilo_prianti/Documents/GitHub/prova_sem_5/install/ola_mundo/lib/python3.10/site-packages:${PYTHONPATH} /usr/bin/python3 -W ignore:setup.py install is deprecated setup.py egg_info --egg-base ../../../build/ola_mundo build --build-base /home/murilo_prianti/Documents/GitHub/prova_sem_5/build/ola_mundo/build install --record /home/murilo_prianti/Documents/GitHub/prova_sem_5/build/ola_mundo/install.log --single-version-externally-managed install_data
