[0.755s] Invoking command in '/home/murilo_prianti/Documents/GitHub/prova_sem_5/meu_workspace/src/ponderada_semana_2': PYTHONPATH=/home/murilo_prianti/Documents/GitHub/prova_sem_5/build/ponderada_semana_2/prefix_override:/home/murilo_prianti/Documents/GitHub/prova_sem_5/install/ponderada_semana_2/lib/python3.10/site-packages:${PYTHONPATH} /usr/bin/python3 -W ignore:setup.py install is deprecated setup.py egg_info --egg-base ../../../build/ponderada_semana_2 build --build-base /home/murilo_prianti/Documents/GitHub/prova_sem_5/build/ponderada_semana_2/build install --record /home/murilo_prianti/Documents/GitHub/prova_sem_5/build/ponderada_semana_2/install.log --single-version-externally-managed install_data
[0.951s] running egg_info
[0.952s] writing ../../../build/ponderada_semana_2/ponderada_semana_2.egg-info/PKG-INFO
[0.957s] writing dependency_links to ../../../build/ponderada_semana_2/ponderada_semana_2.egg-info/dependency_links.txt
[0.958s] writing entry points to ../../../build/ponderada_semana_2/ponderada_semana_2.egg-info/entry_points.txt
[0.959s] writing requirements to ../../../build/ponderada_semana_2/ponderada_semana_2.egg-info/requires.txt
[0.960s] writing top-level names to ../../../build/ponderada_semana_2/ponderada_semana_2.egg-info/top_level.txt
[0.963s] reading manifest file '../../../build/ponderada_semana_2/ponderada_semana_2.egg-info/SOURCES.txt'
[0.975s] writing manifest file '../../../build/ponderada_semana_2/ponderada_semana_2.egg-info/SOURCES.txt'
[0.978s] running build
[0.978s] running build_py
[0.978s] copying ponderada_semana_2/ponderada_2.py -> /home/murilo_prianti/Documents/GitHub/prova_sem_5/build/ponderada_semana_2/build/lib/ponderada_semana_2
[0.978s] running install
[0.978s] running install_lib
[0.980s] copying /home/murilo_prianti/Documents/GitHub/prova_sem_5/build/ponderada_semana_2/build/lib/ponderada_semana_2/ponderada_2.py -> /home/murilo_prianti/Documents/GitHub/prova_sem_5/install/ponderada_semana_2/lib/python3.10/site-packages/ponderada_semana_2
[0.980s] byte-compiling /home/murilo_prianti/Documents/GitHub/prova_sem_5/install/ponderada_semana_2/lib/python3.10/site-packages/ponderada_semana_2/ponderada_2.py to ponderada_2.cpython-310.pyc
[0.982s] running install_data
[0.982s] running install_egg_info
[0.984s] removing '/home/murilo_prianti/Documents/GitHub/prova_sem_5/install/ponderada_semana_2/lib/python3.10/site-packages/ponderada_semana_2-0.0.0-py3.10.egg-info' (and everything under it)
[0.984s] Copying ../../../build/ponderada_semana_2/ponderada_semana_2.egg-info to /home/murilo_prianti/Documents/GitHub/prova_sem_5/install/ponderada_semana_2/lib/python3.10/site-packages/ponderada_semana_2-0.0.0-py3.10.egg-info
[0.985s] running install_scripts
[1.010s] Installing ponderada_2 script to /home/murilo_prianti/Documents/GitHub/prova_sem_5/install/ponderada_semana_2/lib/ponderada_semana_2
[1.013s] writing list of installed files to '/home/murilo_prianti/Documents/GitHub/prova_sem_5/build/ponderada_semana_2/install.log'
[1.048s] Invoked command in '/home/murilo_prianti/Documents/GitHub/prova_sem_5/meu_workspace/src/ponderada_semana_2' returned '0': PYTHONPATH=/home/murilo_prianti/Documents/GitHub/prova_sem_5/build/ponderada_semana_2/prefix_override:/home/murilo_prianti/Documents/GitHub/prova_sem_5/install/ponderada_semana_2/lib/python3.10/site-packages:${PYTHONPATH} /usr/bin/python3 -W ignore:setup.py install is deprecated setup.py egg_info --egg-base ../../../build/ponderada_semana_2 build --build-base /home/murilo_prianti/Documents/GitHub/prova_sem_5/build/ponderada_semana_2/build install --record /home/murilo_prianti/Documents/GitHub/prova_sem_5/build/ponderada_semana_2/install.log --single-version-externally-managed install_data
