[0.611s] Invoking command in '/home/murilo_prianti/Documents/GitHub/prova_sem_5/build/turtlesim': CMAKE_PREFIX_PATH=${CMAKE_PREFIX_PATH}:/opt/ros/humble /usr/bin/cmake /home/murilo_prianti/Documents/GitHub/prova_sem_5/meu_workspace/src/ros_tutorials/turtlesim -DCMAKE_INSTALL_PREFIX=/home/murilo_prianti/Documents/GitHub/prova_sem_5/install/turtlesim
[2.041s] -- The C compiler identification is GNU 11.4.0
[2.521s] -- The CXX compiler identification is GNU 11.4.0
[2.550s] -- Detecting C compiler ABI info
[2.759s] -- Detecting C compiler ABI info - done
[2.765s] -- Check for working C compiler: /usr/bin/cc - skipped
[2.776s] -- Detecting C compile features
[2.779s] -- Detecting C compile features - done
[2.810s] -- Detecting CXX compiler ABI info
[2.948s] -- Detecting CXX compiler ABI info - done
[2.956s] -- Check for working CXX compiler: /usr/bin/c++ - skipped
[2.956s] -- Detecting CXX compile features
[2.957s] -- Detecting CXX compile features - done
[2.989s] -- Found ament_cmake: 1.3.8 (/opt/ros/humble/share/ament_cmake/cmake)
[3.240s] -- Found Python3: /usr/bin/python3 (found version "3.10.12") found components: Interpreter 
[3.961s] -- Found ament_index_cpp: 1.4.0 (/opt/ros/humble/share/ament_index_cpp/cmake)
[3.994s] -- Found geometry_msgs: 4.2.3 (/opt/ros/humble/share/geometry_msgs/cmake)
[4.770s] -- Found rosidl_generator_c: 3.1.5 (/opt/ros/humble/share/rosidl_generator_c/cmake)
[4.802s] -- Found rosidl_adapter: 3.1.5 (/opt/ros/humble/share/rosidl_adapter/cmake)
[4.871s] -- Found rosidl_generator_cpp: 3.1.5 (/opt/ros/humble/share/rosidl_generator_cpp/cmake)
[5.139s] -- Using all available rosidl_typesupport_c: rosidl_typesupport_fastrtps_c;rosidl_typesupport_introspection_c
[5.461s] -- Using all available rosidl_typesupport_cpp: rosidl_typesupport_fastrtps_cpp;rosidl_typesupport_introspection_cpp
[6.474s] -- Found rclcpp: 16.0.8 (/opt/ros/humble/share/rclcpp/cmake)
[7.377s] -- Found rmw_implementation_cmake: 6.1.1 (/opt/ros/humble/share/rmw_implementation_cmake/cmake)
[7.470s] -- Found rmw_cyclonedds_cpp: 1.3.4 (/opt/ros/humble/share/rmw_cyclonedds_cpp/cmake)
[8.095s] -- Using RMW implementation 'rmw_cyclonedds_cpp' as default
[8.326s] -- Looking for pthread.h
[8.441s] -- Looking for pthread.h - found
[8.441s] -- Performing Test CMAKE_HAVE_LIBC_PTHREAD
[8.540s] -- Performing Test CMAKE_HAVE_LIBC_PTHREAD - Success
[8.540s] -- Found Threads: TRUE  
[9.128s] -- Found rclcpp_action: 16.0.8 (/opt/ros/humble/share/rclcpp_action/cmake)
[9.939s] -- Found rosidl_default_generators: 1.2.0 (/opt/ros/humble/share/rosidl_default_generators/cmake)
[10.067s] -- Found std_srvs: 4.2.3 (/opt/ros/humble/share/std_srvs/cmake)
[10.861s] -- Found ament_cmake_ros: 0.10.0 (/opt/ros/humble/share/ament_cmake_ros/cmake)
[11.345s] -- Using all available rosidl_typesupport_c: rosidl_typesupport_fastrtps_c;rosidl_typesupport_introspection_c
[11.487s] -- Using all available rosidl_typesupport_cpp: rosidl_typesupport_fastrtps_cpp;rosidl_typesupport_introspection_cpp
[11.518s] -- Found PythonInterp: /usr/bin/python3 (found suitable version "3.10.12", minimum required is "3.6") 
[11.533s] -- Found python_cmake_module: 0.10.0 (/opt/ros/humble/share/python_cmake_module/cmake)
[11.586s] -- Found PythonLibs: /usr/lib/x86_64-linux-gnu/libpython3.10.so (found suitable version "3.10.12", minimum required is "3.5") 
[11.586s] -- Using PYTHON_EXECUTABLE: /usr/bin/python3
[11.587s] -- Using PYTHON_INCLUDE_DIRS: /usr/include/python3.10
[11.587s] -- Using PYTHON_LIBRARIES: /usr/lib/x86_64-linux-gnu/libpython3.10.so
[11.612s] -- Found PythonExtra: .so  
[12.067s] -- Configuring done
[12.202s] -- Generating done
[12.209s] -- Build files have been written to: /home/murilo_prianti/Documents/GitHub/prova_sem_5/build/turtlesim
[12.219s] Invoked command in '/home/murilo_prianti/Documents/GitHub/prova_sem_5/build/turtlesim' returned '0': CMAKE_PREFIX_PATH=${CMAKE_PREFIX_PATH}:/opt/ros/humble /usr/bin/cmake /home/murilo_prianti/Documents/GitHub/prova_sem_5/meu_workspace/src/ros_tutorials/turtlesim -DCMAKE_INSTALL_PREFIX=/home/murilo_prianti/Documents/GitHub/prova_sem_5/install/turtlesim
[12.221s] Invoking command in '/home/murilo_prianti/Documents/GitHub/prova_sem_5/build/turtlesim': CMAKE_PREFIX_PATH=${CMAKE_PREFIX_PATH}:/opt/ros/humble /usr/bin/cmake --build /home/murilo_prianti/Documents/GitHub/prova_sem_5/build/turtlesim -- -j8 -l8
[12.299s] [  1%] [34m[1mGenerating C code for ROS interfaces[0m
[12.311s] [  2%] [34m[1mGenerating C++ code for ROS interfaces[0m
[12.314s] [  2%] Built target ament_cmake_python_copy_turtlesim
[12.493s] running egg_info
[12.494s] creating turtlesim.egg-info
[12.494s] writing turtlesim.egg-info/PKG-INFO
[12.494s] writing dependency_links to turtlesim.egg-info/dependency_links.txt
[12.494s] writing top-level names to turtlesim.egg-info/top_level.txt
[12.494s] writing manifest file 'turtlesim.egg-info/SOURCES.txt'
[12.496s] reading manifest file 'turtlesim.egg-info/SOURCES.txt'
[12.496s] writing manifest file 'turtlesim.egg-info/SOURCES.txt'
[12.520s] [  2%] Built target ament_cmake_python_build_turtlesim_egg
[13.135s] [  2%] Built target turtlesim__cpp
[13.145s] [  3%] [34m[1mGenerating C++ introspection for ROS interfaces[0m
[13.145s] [  4%] [34m[1mGenerating C++ type support dispatch for ROS interfaces[0m
[13.145s] [  5%] [34m[1mGenerating C++ type support for eProsima Fast-RTPS[0m
[13.333s] [ 10%] [32mBuilding C object CMakeFiles/turtlesim__rosidl_generator_c.dir/rosidl_generator_c/turtlesim/action/detail/rotate_absolute__functions.c.o[0m
[13.333s] [  8%] [32mBuilding C object CMakeFiles/turtlesim__rosidl_generator_c.dir/rosidl_generator_c/turtlesim/srv/detail/set_pen__functions.c.o[0m
[13.333s] [ 10%] [32mBuilding C object CMakeFiles/turtlesim__rosidl_generator_c.dir/rosidl_generator_c/turtlesim/srv/detail/kill__functions.c.o[0m
[13.333s] [ 10%] [32mBuilding C object CMakeFiles/turtlesim__rosidl_generator_c.dir/rosidl_generator_c/turtlesim/msg/detail/color__functions.c.o[0m
[13.334s] [ 10%] [32mBuilding C object CMakeFiles/turtlesim__rosidl_generator_c.dir/rosidl_generator_c/turtlesim/msg/detail/pose__functions.c.o[0m
[13.530s] [ 11%] [32mBuilding C object CMakeFiles/turtlesim__rosidl_generator_c.dir/rosidl_generator_c/turtlesim/srv/detail/spawn__functions.c.o[0m
[13.547s] [ 13%] [32mBuilding C object CMakeFiles/turtlesim__rosidl_generator_c.dir/rosidl_generator_c/turtlesim/srv/detail/teleport_relative__functions.c.o[0m
[13.548s] [ 13%] [32mBuilding C object CMakeFiles/turtlesim__rosidl_generator_c.dir/rosidl_generator_c/turtlesim/srv/detail/teleport_absolute__functions.c.o[0m
[13.709s] [ 15%] [32mBuilding CXX object CMakeFiles/turtlesim__rosidl_typesupport_cpp.dir/rosidl_typesupport_cpp/turtlesim/srv/kill__type_support.cpp.o[0m
[13.709s] [ 16%] [32mBuilding CXX object CMakeFiles/turtlesim__rosidl_typesupport_cpp.dir/rosidl_typesupport_cpp/turtlesim/action/rotate_absolute__type_support.cpp.o[0m
[13.709s] [ 17%] [32mBuilding CXX object CMakeFiles/turtlesim__rosidl_typesupport_cpp.dir/rosidl_typesupport_cpp/turtlesim/msg/color__type_support.cpp.o[0m
[13.710s] [ 15%] [32mBuilding CXX object CMakeFiles/turtlesim__rosidl_typesupport_cpp.dir/rosidl_typesupport_cpp/turtlesim/msg/pose__type_support.cpp.o[0m
[13.711s] [ 18%] [32mBuilding CXX object CMakeFiles/turtlesim__rosidl_typesupport_cpp.dir/rosidl_typesupport_cpp/turtlesim/srv/set_pen__type_support.cpp.o[0m
[13.722s] [ 19%] [32m[1mLinking C shared library libturtlesim__rosidl_generator_c.so[0m
[13.849s] [ 19%] Built target turtlesim__rosidl_generator_c
[13.861s] [ 20%] [34m[1mGenerating C type support for eProsima Fast-RTPS[0m
[14.007s] [ 21%] [32mBuilding CXX object CMakeFiles/turtlesim__rosidl_typesupport_introspection_cpp.dir/rosidl_typesupport_introspection_cpp/turtlesim/action/detail/rotate_absolute__type_support.cpp.o[0m
[14.112s] [ 22%] [32mBuilding CXX object CMakeFiles/turtlesim__rosidl_typesupport_fastrtps_cpp.dir/rosidl_typesupport_fastrtps_cpp/turtlesim/action/detail/dds_fastrtps/rotate_absolute__type_support.cpp.o[0m
[14.874s] [ 23%] [32mBuilding CXX object CMakeFiles/turtlesim__rosidl_typesupport_fastrtps_c.dir/rosidl_typesupport_fastrtps_c/turtlesim/action/detail/rotate_absolute__type_support_c.cpp.o[0m
[14.951s] [ 24%] [32mBuilding CXX object CMakeFiles/turtlesim__rosidl_typesupport_fastrtps_c.dir/rosidl_typesupport_fastrtps_c/turtlesim/msg/detail/color__type_support_c.cpp.o[0m
[14.954s] [ 25%] [34m[1mGenerating C introspection for ROS interfaces[0m
[14.981s] [ 26%] [32mBuilding CXX object CMakeFiles/turtlesim__rosidl_typesupport_fastrtps_c.dir/rosidl_typesupport_fastrtps_c/turtlesim/msg/detail/pose__type_support_c.cpp.o[0m
[14.991s] [ 27%] [34m[1mGenerating C type support dispatch for ROS interfaces[0m
[15.136s] [ 28%] [32mBuilding CXX object CMakeFiles/turtlesim__rosidl_typesupport_cpp.dir/rosidl_typesupport_cpp/turtlesim/srv/spawn__type_support.cpp.o[0m
[15.250s] [ 29%] [32mBuilding CXX object CMakeFiles/turtlesim__rosidl_typesupport_introspection_cpp.dir/rosidl_typesupport_introspection_cpp/turtlesim/msg/detail/color__type_support.cpp.o[0m
[15.409s] [ 30%] [32mBuilding CXX object CMakeFiles/turtlesim__rosidl_typesupport_fastrtps_c.dir/rosidl_typesupport_fastrtps_c/turtlesim/srv/detail/set_pen__type_support_c.cpp.o[0m
[15.409s] [ 31%] [32mBuilding CXX object CMakeFiles/turtlesim__rosidl_typesupport_fastrtps_c.dir/rosidl_typesupport_fastrtps_c/turtlesim/srv/detail/kill__type_support_c.cpp.o[0m
[15.449s] [ 32%] [32mBuilding CXX object CMakeFiles/turtlesim__rosidl_typesupport_fastrtps_c.dir/rosidl_typesupport_fastrtps_c/turtlesim/srv/detail/spawn__type_support_c.cpp.o[0m
[15.501s] [ 33%] [32mBuilding CXX object CMakeFiles/turtlesim__rosidl_typesupport_cpp.dir/rosidl_typesupport_cpp/turtlesim/srv/teleport_absolute__type_support.cpp.o[0m
[15.744s] [ 34%] [32mBuilding CXX object CMakeFiles/turtlesim__rosidl_typesupport_introspection_cpp.dir/rosidl_typesupport_introspection_cpp/turtlesim/msg/detail/pose__type_support.cpp.o[0m
[15.770s] [ 35%] [32mBuilding CXX object CMakeFiles/turtlesim__rosidl_typesupport_fastrtps_cpp.dir/rosidl_typesupport_fastrtps_cpp/turtlesim/msg/detail/dds_fastrtps/color__type_support.cpp.o[0m
[15.913s] [ 36%] [32mBuilding CXX object CMakeFiles/turtlesim__rosidl_typesupport_cpp.dir/rosidl_typesupport_cpp/turtlesim/srv/teleport_relative__type_support.cpp.o[0m
[15.915s] [ 37%] [32mBuilding CXX object CMakeFiles/turtlesim__rosidl_typesupport_fastrtps_c.dir/rosidl_typesupport_fastrtps_c/turtlesim/srv/detail/teleport_absolute__type_support_c.cpp.o[0m
[15.938s] [ 38%] [32mBuilding CXX object CMakeFiles/turtlesim__rosidl_typesupport_fastrtps_c.dir/rosidl_typesupport_fastrtps_c/turtlesim/srv/detail/teleport_relative__type_support_c.cpp.o[0m
[15.939s] [ 39%] [32mBuilding CXX object CMakeFiles/turtlesim__rosidl_typesupport_fastrtps_cpp.dir/rosidl_typesupport_fastrtps_cpp/turtlesim/msg/detail/dds_fastrtps/pose__type_support.cpp.o[0m
[15.960s] [ 40%] [32mBuilding CXX object CMakeFiles/turtlesim__rosidl_typesupport_c.dir/rosidl_typesupport_c/turtlesim/action/rotate_absolute__type_support.cpp.o[0m
[16.249s] [ 41%] [32mBuilding CXX object CMakeFiles/turtlesim__rosidl_typesupport_c.dir/rosidl_typesupport_c/turtlesim/msg/color__type_support.cpp.o[0m
[16.261s] [ 42%] [32mBuilding CXX object CMakeFiles/turtlesim__rosidl_typesupport_introspection_cpp.dir/rosidl_typesupport_introspection_cpp/turtlesim/srv/detail/kill__type_support.cpp.o[0m
[16.266s] [ 43%] [32m[1mLinking CXX shared library libturtlesim__rosidl_typesupport_cpp.so[0m
[16.297s] [ 44%] [32mBuilding CXX object CMakeFiles/turtlesim__rosidl_typesupport_c.dir/rosidl_typesupport_c/turtlesim/msg/pose__type_support.cpp.o[0m
[16.308s] [ 45%] [32mBuilding CXX object CMakeFiles/turtlesim__rosidl_typesupport_introspection_cpp.dir/rosidl_typesupport_introspection_cpp/turtlesim/srv/detail/set_pen__type_support.cpp.o[0m
[16.355s] [ 46%] [32mBuilding CXX object CMakeFiles/turtlesim__rosidl_typesupport_c.dir/rosidl_typesupport_c/turtlesim/srv/kill__type_support.cpp.o[0m
[16.384s] [ 46%] Built target turtlesim__rosidl_typesupport_cpp
[16.386s] [ 47%] [32mBuilding C object CMakeFiles/turtlesim__rosidl_typesupport_introspection_c.dir/rosidl_typesupport_introspection_c/turtlesim/action/detail/rotate_absolute__type_support.c.o[0m
[16.387s] [ 48%] [32mBuilding CXX object CMakeFiles/turtlesim__rosidl_typesupport_introspection_cpp.dir/rosidl_typesupport_introspection_cpp/turtlesim/srv/detail/spawn__type_support.cpp.o[0m
[16.396s] [ 49%] [32mBuilding C object CMakeFiles/turtlesim__rosidl_typesupport_introspection_c.dir/rosidl_typesupport_introspection_c/turtlesim/msg/detail/color__type_support.c.o[0m
[16.402s] [ 50%] [32m[1mLinking CXX shared library libturtlesim__rosidl_typesupport_fastrtps_c.so[0m
[16.460s] [ 51%] [32mBuilding CXX object CMakeFiles/turtlesim__rosidl_typesupport_c.dir/rosidl_typesupport_c/turtlesim/srv/set_pen__type_support.cpp.o[0m
[16.480s] [ 52%] [32mBuilding CXX object CMakeFiles/turtlesim__rosidl_typesupport_fastrtps_cpp.dir/rosidl_typesupport_fastrtps_cpp/turtlesim/srv/detail/dds_fastrtps/kill__type_support.cpp.o[0m
[16.497s] [ 53%] [32mBuilding CXX object CMakeFiles/turtlesim__rosidl_typesupport_c.dir/rosidl_typesupport_c/turtlesim/srv/spawn__type_support.cpp.o[0m
[16.528s] [ 54%] [32mBuilding CXX object CMakeFiles/turtlesim__rosidl_typesupport_c.dir/rosidl_typesupport_c/turtlesim/srv/teleport_absolute__type_support.cpp.o[0m
[16.554s] [ 55%] [32mBuilding CXX object CMakeFiles/turtlesim__rosidl_typesupport_c.dir/rosidl_typesupport_c/turtlesim/srv/teleport_relative__type_support.cpp.o[0m
[16.558s] [ 56%] [32mBuilding C object CMakeFiles/turtlesim__rosidl_typesupport_introspection_c.dir/rosidl_typesupport_introspection_c/turtlesim/msg/detail/pose__type_support.c.o[0m
[16.619s] [ 57%] [32m[1mLinking CXX shared library libturtlesim__rosidl_typesupport_c.so[0m
[16.625s] [ 58%] [32mBuilding C object CMakeFiles/turtlesim__rosidl_typesupport_introspection_c.dir/rosidl_typesupport_introspection_c/turtlesim/srv/detail/kill__type_support.c.o[0m
[16.654s] [ 59%] [32mBuilding C object CMakeFiles/turtlesim__rosidl_typesupport_introspection_c.dir/rosidl_typesupport_introspection_c/turtlesim/srv/detail/set_pen__type_support.c.o[0m
[16.665s] [ 59%] Built target turtlesim__rosidl_typesupport_fastrtps_c
[16.676s] [ 60%] [32mBuilding C object CMakeFiles/turtlesim__rosidl_typesupport_introspection_c.dir/rosidl_typesupport_introspection_c/turtlesim/srv/detail/spawn__type_support.c.o[0m
[16.704s] [ 61%] [32mBuilding C object CMakeFiles/turtlesim__rosidl_typesupport_introspection_c.dir/rosidl_typesupport_introspection_c/turtlesim/srv/detail/teleport_absolute__type_support.c.o[0m
[16.718s] [ 62%] [34m[1mGenerating include/turtlesim/moc_turtle_frame.cpp[0m
[16.719s] [ 63%] [32mBuilding C object CMakeFiles/turtlesim__rosidl_typesupport_introspection_c.dir/rosidl_typesupport_introspection_c/turtlesim/srv/detail/teleport_relative__type_support.c.o[0m
[16.731s] [ 64%] [32mBuilding CXX object CMakeFiles/turtlesim__rosidl_typesupport_introspection_cpp.dir/rosidl_typesupport_introspection_cpp/turtlesim/srv/detail/teleport_absolute__type_support.cpp.o[0m
[16.731s] [ 64%] Built target turtlesim__rosidl_typesupport_c
[16.736s] [ 65%] [32mBuilding CXX object CMakeFiles/turtlesim__rosidl_typesupport_introspection_cpp.dir/rosidl_typesupport_introspection_cpp/turtlesim/srv/detail/teleport_relative__type_support.cpp.o[0m
[16.750s] [ 66%] [32mBuilding CXX object CMakeFiles/turtlesim__rosidl_typesupport_fastrtps_cpp.dir/rosidl_typesupport_fastrtps_cpp/turtlesim/srv/detail/dds_fastrtps/set_pen__type_support.cpp.o[0m
[16.751s] [ 67%] [32mBuilding CXX object CMakeFiles/turtle_teleop_key.dir/tutorials/teleop_turtle_key.cpp.o[0m
[16.768s] [ 68%] [32mBuilding CXX object CMakeFiles/turtlesim__rosidl_typesupport_fastrtps_cpp.dir/rosidl_typesupport_fastrtps_cpp/turtlesim/srv/detail/dds_fastrtps/spawn__type_support.cpp.o[0m
[16.769s] [ 69%] [32m[1mLinking C shared library libturtlesim__rosidl_typesupport_introspection_c.so[0m
[16.889s] [ 69%] Built target turtlesim__rosidl_typesupport_introspection_c
[16.918s] [ 70%] [32mBuilding CXX object CMakeFiles/draw_square.dir/tutorials/draw_square.cpp.o[0m
[16.934s] [ 71%] [32mBuilding CXX object CMakeFiles/turtlesim_node.dir/src/turtlesim.cpp.o[0m
[17.009s] [ 72%] [32mBuilding CXX object CMakeFiles/mimic.dir/tutorials/mimic.cpp.o[0m
[17.213s] [ 73%] [32mBuilding CXX object CMakeFiles/turtlesim__rosidl_typesupport_fastrtps_cpp.dir/rosidl_typesupport_fastrtps_cpp/turtlesim/srv/detail/dds_fastrtps/teleport_absolute__type_support.cpp.o[0m
[17.258s] [ 74%] [32mBuilding CXX object CMakeFiles/turtlesim_node.dir/src/turtle.cpp.o[0m
[17.262s] [ 75%] [32m[1mLinking CXX shared library libturtlesim__rosidl_typesupport_introspection_cpp.so[0m
[17.284s] [ 76%] [32mBuilding CXX object CMakeFiles/turtlesim__rosidl_typesupport_fastrtps_cpp.dir/rosidl_typesupport_fastrtps_cpp/turtlesim/srv/detail/dds_fastrtps/teleport_relative__type_support.cpp.o[0m
[17.517s] [ 77%] [32mBuilding CXX object CMakeFiles/turtlesim_node.dir/src/turtle_frame.cpp.o[0m
[17.561s] [ 77%] Built target turtlesim__rosidl_typesupport_introspection_cpp
[17.568s] [ 78%] [32mBuilding CXX object CMakeFiles/turtlesim_node.dir/include/turtlesim/moc_turtle_frame.cpp.o[0m
[17.584s] [ 79%] [32m[1mLinking CXX shared library libturtlesim__rosidl_typesupport_fastrtps_cpp.so[0m
[17.680s] [ 79%] Built target turtlesim__rosidl_typesupport_fastrtps_cpp
[17.704s] [ 79%] Built target turtlesim
[17.723s] [ 80%] [34m[1mGenerating Python code for ROS interfaces[0m
[20.157s] [ 80%] Built target turtlesim__py
[20.187s] [ 81%] [32mBuilding C object CMakeFiles/turtlesim__rosidl_generator_py.dir/rosidl_generator_py/turtlesim/action/_rotate_absolute_s.c.o[0m
[20.633s] [ 82%] [32mBuilding C object CMakeFiles/turtlesim__rosidl_generator_py.dir/rosidl_generator_py/turtlesim/msg/_color_s.c.o[0m
[20.794s] [ 83%] [32mBuilding C object CMakeFiles/turtlesim__rosidl_generator_py.dir/rosidl_generator_py/turtlesim/msg/_pose_s.c.o[0m
[20.971s] [ 84%] [32mBuilding C object CMakeFiles/turtlesim__rosidl_generator_py.dir/rosidl_generator_py/turtlesim/srv/_kill_s.c.o[0m
[21.164s] [ 85%] [32mBuilding C object CMakeFiles/turtlesim__rosidl_generator_py.dir/rosidl_generator_py/turtlesim/srv/_set_pen_s.c.o[0m
[21.353s] [ 86%] [32mBuilding C object CMakeFiles/turtlesim__rosidl_generator_py.dir/rosidl_generator_py/turtlesim/srv/_spawn_s.c.o[0m
[21.514s] [ 87%] [32mBuilding C object CMakeFiles/turtlesim__rosidl_generator_py.dir/rosidl_generator_py/turtlesim/srv/_teleport_absolute_s.c.o[0m
[21.682s] [ 88%] [32mBuilding C object CMakeFiles/turtlesim__rosidl_generator_py.dir/rosidl_generator_py/turtlesim/srv/_teleport_relative_s.c.o[0m
[21.883s] [ 89%] [32m[1mLinking C shared library rosidl_generator_py/turtlesim/libturtlesim__rosidl_generator_py.so[0m
[21.998s] [ 89%] Built target turtlesim__rosidl_generator_py
[22.062s] [ 90%] [32mBuilding C object CMakeFiles/turtlesim__rosidl_typesupport_fastrtps_c__pyext.dir/rosidl_generator_py/turtlesim/_turtlesim_s.ep.rosidl_typesupport_fastrtps_c.c.o[0m
[22.305s] [ 91%] [32m[1mLinking C shared library rosidl_generator_py/turtlesim/turtlesim_s__rosidl_typesupport_fastrtps_c.cpython-310-x86_64-linux-gnu.so[0m
[22.380s] [ 91%] Built target turtlesim__rosidl_typesupport_fastrtps_c__pyext
[22.418s] [ 92%] [32mBuilding C object CMakeFiles/turtlesim__rosidl_typesupport_introspection_c__pyext.dir/rosidl_generator_py/turtlesim/_turtlesim_s.ep.rosidl_typesupport_introspection_c.c.o[0m
[22.689s] [ 93%] [32m[1mLinking C shared library rosidl_generator_py/turtlesim/turtlesim_s__rosidl_typesupport_introspection_c.cpython-310-x86_64-linux-gnu.so[0m
[22.754s] [ 93%] Built target turtlesim__rosidl_typesupport_introspection_c__pyext
[22.786s] [ 94%] [32mBuilding C object CMakeFiles/turtlesim__rosidl_typesupport_c__pyext.dir/rosidl_generator_py/turtlesim/_turtlesim_s.ep.rosidl_typesupport_c.c.o[0m
[23.053s] [ 95%] [32m[1mLinking C shared library rosidl_generator_py/turtlesim/turtlesim_s__rosidl_typesupport_c.cpython-310-x86_64-linux-gnu.so[0m
[23.129s] [ 95%] Built target turtlesim__rosidl_typesupport_c__pyext
[27.462s] [ 96%] [32m[1mLinking CXX executable turtle_teleop_key[0m
[32.014s] [ 96%] Built target turtle_teleop_key
[32.076s] [ 97%] [32m[1mLinking CXX executable mimic[0m
[32.519s] [ 97%] Built target mimic
[32.568s] [ 98%] [32m[1mLinking CXX executable draw_square[0m
[33.236s] [ 98%] Built target draw_square
[37.013s] [100%] [32m[1mLinking CXX executable turtlesim_node[0m
[39.173s] [100%] Built target turtlesim_node
[39.187s] Invoked command in '/home/murilo_prianti/Documents/GitHub/prova_sem_5/build/turtlesim' returned '0': CMAKE_PREFIX_PATH=${CMAKE_PREFIX_PATH}:/opt/ros/humble /usr/bin/cmake --build /home/murilo_prianti/Documents/GitHub/prova_sem_5/build/turtlesim -- -j8 -l8
[39.341s] Invoking command in '/home/murilo_prianti/Documents/GitHub/prova_sem_5/build/turtlesim': CMAKE_PREFIX_PATH=${CMAKE_PREFIX_PATH}:/opt/ros/humble /usr/bin/cmake --install /home/murilo_prianti/Documents/GitHub/prova_sem_5/build/turtlesim
[39.349s] -- Install configuration: ""
[39.350s] -- Installing: /home/murilo_prianti/Documents/GitHub/prova_sem_5/install/turtlesim/share/ament_index/resource_index/rosidl_interfaces/turtlesim
[39.350s] -- Installing: /home/murilo_prianti/Documents/GitHub/prova_sem_5/install/turtlesim/include/turtlesim/turtlesim
[39.350s] -- Installing: /home/murilo_prianti/Documents/GitHub/prova_sem_5/install/turtlesim/include/turtlesim/turtlesim/action
[39.350s] -- Installing: /home/murilo_prianti/Documents/GitHub/prova_sem_5/install/turtlesim/include/turtlesim/turtlesim/action/detail
[39.350s] -- Installing: /home/murilo_prianti/Documents/GitHub/prova_sem_5/install/turtlesim/include/turtlesim/turtlesim/action/detail/rotate_absolute__struct.h
[39.350s] -- Installing: /home/murilo_prianti/Documents/GitHub/prova_sem_5/install/turtlesim/include/turtlesim/turtlesim/action/detail/rotate_absolute__functions.h
[39.350s] -- Installing: /home/murilo_prianti/Documents/GitHub/prova_sem_5/install/turtlesim/include/turtlesim/turtlesim/action/detail/rotate_absolute__functions.c
[39.350s] -- Installing: /home/murilo_prianti/Documents/GitHub/prova_sem_5/install/turtlesim/include/turtlesim/turtlesim/action/detail/rotate_absolute__type_support.h
[39.350s] -- Installing: /home/murilo_prianti/Documents/GitHub/prova_sem_5/install/turtlesim/include/turtlesim/turtlesim/action/rotate_absolute.h
[39.351s] -- Installing: /home/murilo_prianti/Documents/GitHub/prova_sem_5/install/turtlesim/include/turtlesim/turtlesim/msg
[39.351s] -- Installing: /home/murilo_prianti/Documents/GitHub/prova_sem_5/install/turtlesim/include/turtlesim/turtlesim/msg/pose.h
[39.351s] -- Installing: /home/murilo_prianti/Documents/GitHub/prova_sem_5/install/turtlesim/include/turtlesim/turtlesim/msg/rosidl_generator_c__visibility_control.h
[39.351s] -- Installing: /home/murilo_prianti/Documents/GitHub/prova_sem_5/install/turtlesim/include/turtlesim/turtlesim/msg/color.h
[39.351s] -- Installing: /home/murilo_prianti/Documents/GitHub/prova_sem_5/install/turtlesim/include/turtlesim/turtlesim/msg/detail
[39.351s] -- Installing: /home/murilo_prianti/Documents/GitHub/prova_sem_5/install/turtlesim/include/turtlesim/turtlesim/msg/detail/pose__functions.c
[39.351s] -- Installing: /home/murilo_prianti/Documents/GitHub/prova_sem_5/install/turtlesim/include/turtlesim/turtlesim/msg/detail/pose__struct.h
[39.351s] -- Installing: /home/murilo_prianti/Documents/GitHub/prova_sem_5/install/turtlesim/include/turtlesim/turtlesim/msg/detail/pose__functions.h
[39.351s] -- Installing: /home/murilo_prianti/Documents/GitHub/prova_sem_5/install/turtlesim/include/turtlesim/turtlesim/msg/detail/color__type_support.h
[39.352s] -- Installing: /home/murilo_prianti/Documents/GitHub/prova_sem_5/install/turtlesim/include/turtlesim/turtlesim/msg/detail/color__functions.h
[39.352s] -- Installing: /home/murilo_prianti/Documents/GitHub/prova_sem_5/install/turtlesim/include/turtlesim/turtlesim/msg/detail/color__functions.c
[39.352s] -- Installing: /home/murilo_prianti/Documents/GitHub/prova_sem_5/install/turtlesim/include/turtlesim/turtlesim/msg/detail/pose__type_support.h
[39.352s] -- Installing: /home/murilo_prianti/Documents/GitHub/prova_sem_5/install/turtlesim/include/turtlesim/turtlesim/msg/detail/color__struct.h
[39.352s] -- Installing: /home/murilo_prianti/Documents/GitHub/prova_sem_5/install/turtlesim/include/turtlesim/turtlesim/srv
[39.352s] -- Installing: /home/murilo_prianti/Documents/GitHub/prova_sem_5/install/turtlesim/include/turtlesim/turtlesim/srv/teleport_relative.h
[39.352s] -- Installing: /home/murilo_prianti/Documents/GitHub/prova_sem_5/install/turtlesim/include/turtlesim/turtlesim/srv/detail
[39.352s] -- Installing: /home/murilo_prianti/Documents/GitHub/prova_sem_5/install/turtlesim/include/turtlesim/turtlesim/srv/detail/teleport_relative__struct.h
[39.352s] -- Installing: /home/murilo_prianti/Documents/GitHub/prova_sem_5/install/turtlesim/include/turtlesim/turtlesim/srv/detail/teleport_relative__type_support.h
[39.352s] -- Installing: /home/murilo_prianti/Documents/GitHub/prova_sem_5/install/turtlesim/include/turtlesim/turtlesim/srv/detail/kill__type_support.h
[39.353s] -- Installing: /home/murilo_prianti/Documents/GitHub/prova_sem_5/install/turtlesim/include/turtlesim/turtlesim/srv/detail/kill__struct.h
[39.353s] -- Installing: /home/murilo_prianti/Documents/GitHub/prova_sem_5/install/turtlesim/include/turtlesim/turtlesim/srv/detail/spawn__functions.h
[39.353s] -- Installing: /home/murilo_prianti/Documents/GitHub/prova_sem_5/install/turtlesim/include/turtlesim/turtlesim/srv/detail/spawn__functions.c
[39.353s] -- Installing: /home/murilo_prianti/Documents/GitHub/prova_sem_5/install/turtlesim/include/turtlesim/turtlesim/srv/detail/spawn__type_support.h
[39.353s] -- Installing: /home/murilo_prianti/Documents/GitHub/prova_sem_5/install/turtlesim/include/turtlesim/turtlesim/srv/detail/kill__functions.h
[39.353s] -- Installing: /home/murilo_prianti/Documents/GitHub/prova_sem_5/install/turtlesim/include/turtlesim/turtlesim/srv/detail/teleport_absolute__type_support.h
[39.353s] -- Installing: /home/murilo_prianti/Documents/GitHub/prova_sem_5/install/turtlesim/include/turtlesim/turtlesim/srv/detail/teleport_absolute__functions.c
[39.353s] -- Installing: /home/murilo_prianti/Documents/GitHub/prova_sem_5/install/turtlesim/include/turtlesim/turtlesim/srv/detail/set_pen__type_support.h
[39.353s] -- Installing: /home/murilo_prianti/Documents/GitHub/prova_sem_5/install/turtlesim/include/turtlesim/turtlesim/srv/detail/teleport_relative__functions.c
[39.353s] -- Installing: /home/murilo_prianti/Documents/GitHub/prova_sem_5/install/turtlesim/include/turtlesim/turtlesim/srv/detail/set_pen__functions.h
[39.354s] -- Installing: /home/murilo_prianti/Documents/GitHub/prova_sem_5/install/turtlesim/include/turtlesim/turtlesim/srv/detail/set_pen__functions.c
[39.354s] -- Installing: /home/murilo_prianti/Documents/GitHub/prova_sem_5/install/turtlesim/include/turtlesim/turtlesim/srv/detail/teleport_relative__functions.h
[39.354s] -- Installing: /home/murilo_prianti/Documents/GitHub/prova_sem_5/install/turtlesim/include/turtlesim/turtlesim/srv/detail/kill__functions.c
[39.354s] -- Installing: /home/murilo_prianti/Documents/GitHub/prova_sem_5/install/turtlesim/include/turtlesim/turtlesim/srv/detail/set_pen__struct.h
[39.354s] -- Installing: /home/murilo_prianti/Documents/GitHub/prova_sem_5/install/turtlesim/include/turtlesim/turtlesim/srv/detail/spawn__struct.h
[39.354s] -- Installing: /home/murilo_prianti/Documents/GitHub/prova_sem_5/install/turtlesim/include/turtlesim/turtlesim/srv/detail/teleport_absolute__struct.h
[39.354s] -- Installing: /home/murilo_prianti/Documents/GitHub/prova_sem_5/install/turtlesim/include/turtlesim/turtlesim/srv/detail/teleport_absolute__functions.h
[39.354s] -- Installing: /home/murilo_prianti/Documents/GitHub/prova_sem_5/install/turtlesim/include/turtlesim/turtlesim/srv/kill.h
[39.354s] -- Installing: /home/murilo_prianti/Documents/GitHub/prova_sem_5/install/turtlesim/include/turtlesim/turtlesim/srv/teleport_absolute.h
[39.354s] -- Installing: /home/murilo_prianti/Documents/GitHub/prova_sem_5/install/turtlesim/include/turtlesim/turtlesim/srv/set_pen.h
[39.355s] -- Installing: /home/murilo_prianti/Documents/GitHub/prova_sem_5/install/turtlesim/include/turtlesim/turtlesim/srv/spawn.h
[39.355s] -- Installing: /home/murilo_prianti/Documents/GitHub/prova_sem_5/install/turtlesim/share/turtlesim/environment/library_path.sh
[39.355s] -- Installing: /home/murilo_prianti/Documents/GitHub/prova_sem_5/install/turtlesim/share/turtlesim/environment/library_path.dsv
[39.355s] -- Installing: /home/murilo_prianti/Documents/GitHub/prova_sem_5/install/turtlesim/lib/libturtlesim__rosidl_generator_c.so
[39.355s] -- Set runtime path of "/home/murilo_prianti/Documents/GitHub/prova_sem_5/install/turtlesim/lib/libturtlesim__rosidl_generator_c.so" to ""
[39.355s] -- Up-to-date: /home/murilo_prianti/Documents/GitHub/prova_sem_5/install/turtlesim/include/turtlesim/turtlesim
[39.355s] -- Up-to-date: /home/murilo_prianti/Documents/GitHub/prova_sem_5/install/turtlesim/include/turtlesim/turtlesim/action
[39.356s] -- Up-to-date: /home/murilo_prianti/Documents/GitHub/prova_sem_5/install/turtlesim/include/turtlesim/turtlesim/action/detail
[39.356s] -- Installing: /home/murilo_prianti/Documents/GitHub/prova_sem_5/install/turtlesim/include/turtlesim/turtlesim/action/detail/rotate_absolute__rosidl_typesupport_fastrtps_c.h
[39.356s] -- Up-to-date: /home/murilo_prianti/Documents/GitHub/prova_sem_5/install/turtlesim/include/turtlesim/turtlesim/msg
[39.356s] -- Installing: /home/murilo_prianti/Documents/GitHub/prova_sem_5/install/turtlesim/include/turtlesim/turtlesim/msg/rosidl_typesupport_fastrtps_c__visibility_control.h
[39.356s] -- Up-to-date: /home/murilo_prianti/Documents/GitHub/prova_sem_5/install/turtlesim/include/turtlesim/turtlesim/msg/detail
[39.356s] -- Installing: /home/murilo_prianti/Documents/GitHub/prova_sem_5/install/turtlesim/include/turtlesim/turtlesim/msg/detail/color__rosidl_typesupport_fastrtps_c.h
[39.356s] -- Installing: /home/murilo_prianti/Documents/GitHub/prova_sem_5/install/turtlesim/include/turtlesim/turtlesim/msg/detail/pose__rosidl_typesupport_fastrtps_c.h
[39.356s] -- Up-to-date: /home/murilo_prianti/Documents/GitHub/prova_sem_5/install/turtlesim/include/turtlesim/turtlesim/srv
[39.356s] -- Up-to-date: /home/murilo_prianti/Documents/GitHub/prova_sem_5/install/turtlesim/include/turtlesim/turtlesim/srv/detail
[39.356s] -- Installing: /home/murilo_prianti/Documents/GitHub/prova_sem_5/install/turtlesim/include/turtlesim/turtlesim/srv/detail/teleport_relative__rosidl_typesupport_fastrtps_c.h
[39.356s] -- Installing: /home/murilo_prianti/Documents/GitHub/prova_sem_5/install/turtlesim/include/turtlesim/turtlesim/srv/detail/set_pen__rosidl_typesupport_fastrtps_c.h
[39.357s] -- Installing: /home/murilo_prianti/Documents/GitHub/prova_sem_5/install/turtlesim/include/turtlesim/turtlesim/srv/detail/teleport_absolute__rosidl_typesupport_fastrtps_c.h
[39.357s] -- Installing: /home/murilo_prianti/Documents/GitHub/prova_sem_5/install/turtlesim/include/turtlesim/turtlesim/srv/detail/kill__rosidl_typesupport_fastrtps_c.h
[39.357s] -- Installing: /home/murilo_prianti/Documents/GitHub/prova_sem_5/install/turtlesim/include/turtlesim/turtlesim/srv/detail/spawn__rosidl_typesupport_fastrtps_c.h
[39.357s] -- Installing: /home/murilo_prianti/Documents/GitHub/prova_sem_5/install/turtlesim/lib/libturtlesim__rosidl_typesupport_fastrtps_c.so
[39.357s] -- Set runtime path of "/home/murilo_prianti/Documents/GitHub/prova_sem_5/install/turtlesim/lib/libturtlesim__rosidl_typesupport_fastrtps_c.so" to ""
[39.357s] -- Up-to-date: /home/murilo_prianti/Documents/GitHub/prova_sem_5/install/turtlesim/include/turtlesim/turtlesim
[39.357s] -- Up-to-date: /home/murilo_prianti/Documents/GitHub/prova_sem_5/install/turtlesim/include/turtlesim/turtlesim/action
[39.357s] -- Installing: /home/murilo_prianti/Documents/GitHub/prova_sem_5/install/turtlesim/include/turtlesim/turtlesim/action/rotate_absolute.hpp
[39.357s] -- Up-to-date: /home/murilo_prianti/Documents/GitHub/prova_sem_5/install/turtlesim/include/turtlesim/turtlesim/action/detail
[39.357s] -- Installing: /home/murilo_prianti/Documents/GitHub/prova_sem_5/install/turtlesim/include/turtlesim/turtlesim/action/detail/rotate_absolute__builder.hpp
[39.357s] -- Installing: /home/murilo_prianti/Documents/GitHub/prova_sem_5/install/turtlesim/include/turtlesim/turtlesim/action/detail/rotate_absolute__traits.hpp
[39.357s] -- Installing: /home/murilo_prianti/Documents/GitHub/prova_sem_5/install/turtlesim/include/turtlesim/turtlesim/action/detail/rotate_absolute__struct.hpp
[39.358s] -- Up-to-date: /home/murilo_prianti/Documents/GitHub/prova_sem_5/install/turtlesim/include/turtlesim/turtlesim/msg
[39.358s] -- Up-to-date: /home/murilo_prianti/Documents/GitHub/prova_sem_5/install/turtlesim/include/turtlesim/turtlesim/msg/detail
[39.358s] -- Installing: /home/murilo_prianti/Documents/GitHub/prova_sem_5/install/turtlesim/include/turtlesim/turtlesim/msg/detail/color__builder.hpp
[39.358s] -- Installing: /home/murilo_prianti/Documents/GitHub/prova_sem_5/install/turtlesim/include/turtlesim/turtlesim/msg/detail/color__traits.hpp
[39.358s] -- Installing: /home/murilo_prianti/Documents/GitHub/prova_sem_5/install/turtlesim/include/turtlesim/turtlesim/msg/detail/pose__struct.hpp
[39.358s] -- Installing: /home/murilo_prianti/Documents/GitHub/prova_sem_5/install/turtlesim/include/turtlesim/turtlesim/msg/detail/pose__traits.hpp
[39.358s] -- Installing: /home/murilo_prianti/Documents/GitHub/prova_sem_5/install/turtlesim/include/turtlesim/turtlesim/msg/detail/pose__builder.hpp
[39.358s] -- Installing: /home/murilo_prianti/Documents/GitHub/prova_sem_5/install/turtlesim/include/turtlesim/turtlesim/msg/detail/color__struct.hpp
[39.358s] -- Installing: /home/murilo_prianti/Documents/GitHub/prova_sem_5/install/turtlesim/include/turtlesim/turtlesim/msg/pose.hpp
[39.358s] -- Installing: /home/murilo_prianti/Documents/GitHub/prova_sem_5/install/turtlesim/include/turtlesim/turtlesim/msg/color.hpp
[39.358s] -- Up-to-date: /home/murilo_prianti/Documents/GitHub/prova_sem_5/install/turtlesim/include/turtlesim/turtlesim/srv
[39.359s] -- Up-to-date: /home/murilo_prianti/Documents/GitHub/prova_sem_5/install/turtlesim/include/turtlesim/turtlesim/srv/detail
[39.359s] -- Installing: /home/murilo_prianti/Documents/GitHub/prova_sem_5/install/turtlesim/include/turtlesim/turtlesim/srv/detail/spawn__traits.hpp
[39.359s] -- Installing: /home/murilo_prianti/Documents/GitHub/prova_sem_5/install/turtlesim/include/turtlesim/turtlesim/srv/detail/set_pen__struct.hpp
[39.359s] -- Installing: /home/murilo_prianti/Documents/GitHub/prova_sem_5/install/turtlesim/include/turtlesim/turtlesim/srv/detail/teleport_relative__traits.hpp
[39.359s] -- Installing: /home/murilo_prianti/Documents/GitHub/prova_sem_5/install/turtlesim/include/turtlesim/turtlesim/srv/detail/set_pen__traits.hpp
[39.359s] -- Installing: /home/murilo_prianti/Documents/GitHub/prova_sem_5/install/turtlesim/include/turtlesim/turtlesim/srv/detail/kill__builder.hpp
[39.359s] -- Installing: /home/murilo_prianti/Documents/GitHub/prova_sem_5/install/turtlesim/include/turtlesim/turtlesim/srv/detail/teleport_relative__builder.hpp
[39.359s] -- Installing: /home/murilo_prianti/Documents/GitHub/prova_sem_5/install/turtlesim/include/turtlesim/turtlesim/srv/detail/spawn__struct.hpp
[39.359s] -- Installing: /home/murilo_prianti/Documents/GitHub/prova_sem_5/install/turtlesim/include/turtlesim/turtlesim/srv/detail/spawn__builder.hpp
[39.359s] -- Installing: /home/murilo_prianti/Documents/GitHub/prova_sem_5/install/turtlesim/include/turtlesim/turtlesim/srv/detail/teleport_absolute__builder.hpp
[39.359s] -- Installing: /home/murilo_prianti/Documents/GitHub/prova_sem_5/install/turtlesim/include/turtlesim/turtlesim/srv/detail/teleport_absolute__traits.hpp
[39.359s] -- Installing: /home/murilo_prianti/Documents/GitHub/prova_sem_5/install/turtlesim/include/turtlesim/turtlesim/srv/detail/set_pen__builder.hpp
[39.360s] -- Installing: /home/murilo_prianti/Documents/GitHub/prova_sem_5/install/turtlesim/include/turtlesim/turtlesim/srv/detail/teleport_relative__struct.hpp
[39.360s] -- Installing: /home/murilo_prianti/Documents/GitHub/prova_sem_5/install/turtlesim/include/turtlesim/turtlesim/srv/detail/kill__traits.hpp
[39.360s] -- Installing: /home/murilo_prianti/Documents/GitHub/prova_sem_5/install/turtlesim/include/turtlesim/turtlesim/srv/detail/teleport_absolute__struct.hpp
[39.360s] -- Installing: /home/murilo_prianti/Documents/GitHub/prova_sem_5/install/turtlesim/include/turtlesim/turtlesim/srv/detail/kill__struct.hpp
[39.360s] -- Installing: /home/murilo_prianti/Documents/GitHub/prova_sem_5/install/turtlesim/include/turtlesim/turtlesim/srv/teleport_relative.hpp
[39.360s] -- Installing: /home/murilo_prianti/Documents/GitHub/prova_sem_5/install/turtlesim/include/turtlesim/turtlesim/srv/kill.hpp
[39.360s] -- Installing: /home/murilo_prianti/Documents/GitHub/prova_sem_5/install/turtlesim/include/turtlesim/turtlesim/srv/teleport_absolute.hpp
[39.360s] -- Installing: /home/murilo_prianti/Documents/GitHub/prova_sem_5/install/turtlesim/include/turtlesim/turtlesim/srv/set_pen.hpp
[39.360s] -- Installing: /home/murilo_prianti/Documents/GitHub/prova_sem_5/install/turtlesim/include/turtlesim/turtlesim/srv/spawn.hpp
[39.360s] -- Up-to-date: /home/murilo_prianti/Documents/GitHub/prova_sem_5/install/turtlesim/include/turtlesim/turtlesim
[39.360s] -- Up-to-date: /home/murilo_prianti/Documents/GitHub/prova_sem_5/install/turtlesim/include/turtlesim/turtlesim/action
[39.361s] -- Up-to-date: /home/murilo_prianti/Documents/GitHub/prova_sem_5/install/turtlesim/include/turtlesim/turtlesim/action/detail
[39.361s] -- Installing: /home/murilo_prianti/Documents/GitHub/prova_sem_5/install/turtlesim/include/turtlesim/turtlesim/action/detail/dds_fastrtps
[39.361s] -- Installing: /home/murilo_prianti/Documents/GitHub/prova_sem_5/install/turtlesim/include/turtlesim/turtlesim/action/detail/rotate_absolute__rosidl_typesupport_fastrtps_cpp.hpp
[39.361s] -- Up-to-date: /home/murilo_prianti/Documents/GitHub/prova_sem_5/install/turtlesim/include/turtlesim/turtlesim/msg
[39.361s] -- Installing: /home/murilo_prianti/Documents/GitHub/prova_sem_5/install/turtlesim/include/turtlesim/turtlesim/msg/rosidl_typesupport_fastrtps_cpp__visibility_control.h
[39.361s] -- Up-to-date: /home/murilo_prianti/Documents/GitHub/prova_sem_5/install/turtlesim/include/turtlesim/turtlesim/msg/detail
[39.361s] -- Installing: /home/murilo_prianti/Documents/GitHub/prova_sem_5/install/turtlesim/include/turtlesim/turtlesim/msg/detail/dds_fastrtps
[39.361s] -- Installing: /home/murilo_prianti/Documents/GitHub/prova_sem_5/install/turtlesim/include/turtlesim/turtlesim/msg/detail/pose__rosidl_typesupport_fastrtps_cpp.hpp
[39.361s] -- Installing: /home/murilo_prianti/Documents/GitHub/prova_sem_5/install/turtlesim/include/turtlesim/turtlesim/msg/detail/color__rosidl_typesupport_fastrtps_cpp.hpp
[39.361s] -- Up-to-date: /home/murilo_prianti/Documents/GitHub/prova_sem_5/install/turtlesim/include/turtlesim/turtlesim/srv
[39.361s] -- Up-to-date: /home/murilo_prianti/Documents/GitHub/prova_sem_5/install/turtlesim/include/turtlesim/turtlesim/srv/detail
[39.362s] -- Installing: /home/murilo_prianti/Documents/GitHub/prova_sem_5/install/turtlesim/include/turtlesim/turtlesim/srv/detail/dds_fastrtps
[39.362s] -- Installing: /home/murilo_prianti/Documents/GitHub/prova_sem_5/install/turtlesim/include/turtlesim/turtlesim/srv/detail/teleport_absolute__rosidl_typesupport_fastrtps_cpp.hpp
[39.362s] -- Installing: /home/murilo_prianti/Documents/GitHub/prova_sem_5/install/turtlesim/include/turtlesim/turtlesim/srv/detail/spawn__rosidl_typesupport_fastrtps_cpp.hpp
[39.362s] -- Installing: /home/murilo_prianti/Documents/GitHub/prova_sem_5/install/turtlesim/include/turtlesim/turtlesim/srv/detail/set_pen__rosidl_typesupport_fastrtps_cpp.hpp
[39.362s] -- Installing: /home/murilo_prianti/Documents/GitHub/prova_sem_5/install/turtlesim/include/turtlesim/turtlesim/srv/detail/teleport_relative__rosidl_typesupport_fastrtps_cpp.hpp
[39.362s] -- Installing: /home/murilo_prianti/Documents/GitHub/prova_sem_5/install/turtlesim/include/turtlesim/turtlesim/srv/detail/kill__rosidl_typesupport_fastrtps_cpp.hpp
[39.362s] -- Installing: /home/murilo_prianti/Documents/GitHub/prova_sem_5/install/turtlesim/lib/libturtlesim__rosidl_typesupport_fastrtps_cpp.so
[39.362s] -- Set runtime path of "/home/murilo_prianti/Documents/GitHub/prova_sem_5/install/turtlesim/lib/libturtlesim__rosidl_typesupport_fastrtps_cpp.so" to ""
[39.362s] -- Up-to-date: /home/murilo_prianti/Documents/GitHub/prova_sem_5/install/turtlesim/include/turtlesim/turtlesim
[39.363s] -- Up-to-date: /home/murilo_prianti/Documents/GitHub/prova_sem_5/install/turtlesim/include/turtlesim/turtlesim/action
[39.363s] -- Up-to-date: /home/murilo_prianti/Documents/GitHub/prova_sem_5/install/turtlesim/include/turtlesim/turtlesim/action/detail
[39.363s] -- Installing: /home/murilo_prianti/Documents/GitHub/prova_sem_5/install/turtlesim/include/turtlesim/turtlesim/action/detail/rotate_absolute__rosidl_typesupport_introspection_c.h
[39.363s] -- Installing: /home/murilo_prianti/Documents/GitHub/prova_sem_5/install/turtlesim/include/turtlesim/turtlesim/action/detail/rotate_absolute__type_support.c
[39.363s] -- Up-to-date: /home/murilo_prianti/Documents/GitHub/prova_sem_5/install/turtlesim/include/turtlesim/turtlesim/msg
[39.363s] -- Up-to-date: /home/murilo_prianti/Documents/GitHub/prova_sem_5/install/turtlesim/include/turtlesim/turtlesim/msg/detail
[39.363s] -- Installing: /home/murilo_prianti/Documents/GitHub/prova_sem_5/install/turtlesim/include/turtlesim/turtlesim/msg/detail/pose__rosidl_typesupport_introspection_c.h
[39.363s] -- Installing: /home/murilo_prianti/Documents/GitHub/prova_sem_5/install/turtlesim/include/turtlesim/turtlesim/msg/detail/pose__type_support.c
[39.363s] -- Installing: /home/murilo_prianti/Documents/GitHub/prova_sem_5/install/turtlesim/include/turtlesim/turtlesim/msg/detail/color__type_support.c
[39.363s] -- Installing: /home/murilo_prianti/Documents/GitHub/prova_sem_5/install/turtlesim/include/turtlesim/turtlesim/msg/detail/color__rosidl_typesupport_introspection_c.h
[39.363s] -- Installing: /home/murilo_prianti/Documents/GitHub/prova_sem_5/install/turtlesim/include/turtlesim/turtlesim/msg/rosidl_typesupport_introspection_c__visibility_control.h
[39.363s] -- Up-to-date: /home/murilo_prianti/Documents/GitHub/prova_sem_5/install/turtlesim/include/turtlesim/turtlesim/srv
[39.363s] -- Up-to-date: /home/murilo_prianti/Documents/GitHub/prova_sem_5/install/turtlesim/include/turtlesim/turtlesim/srv/detail
[39.363s] -- Installing: /home/murilo_prianti/Documents/GitHub/prova_sem_5/install/turtlesim/include/turtlesim/turtlesim/srv/detail/teleport_relative__rosidl_typesupport_introspection_c.h
[39.363s] -- Installing: /home/murilo_prianti/Documents/GitHub/prova_sem_5/install/turtlesim/include/turtlesim/turtlesim/srv/detail/teleport_relative__type_support.c
[39.364s] -- Installing: /home/murilo_prianti/Documents/GitHub/prova_sem_5/install/turtlesim/include/turtlesim/turtlesim/srv/detail/teleport_absolute__rosidl_typesupport_introspection_c.h
[39.364s] -- Installing: /home/murilo_prianti/Documents/GitHub/prova_sem_5/install/turtlesim/include/turtlesim/turtlesim/srv/detail/set_pen__rosidl_typesupport_introspection_c.h
[39.364s] -- Installing: /home/murilo_prianti/Documents/GitHub/prova_sem_5/install/turtlesim/include/turtlesim/turtlesim/srv/detail/spawn__type_support.c
[39.364s] -- Installing: /home/murilo_prianti/Documents/GitHub/prova_sem_5/install/turtlesim/include/turtlesim/turtlesim/srv/detail/kill__rosidl_typesupport_introspection_c.h
[39.364s] -- Installing: /home/murilo_prianti/Documents/GitHub/prova_sem_5/install/turtlesim/include/turtlesim/turtlesim/srv/detail/kill__type_support.c
[39.364s] -- Installing: /home/murilo_prianti/Documents/GitHub/prova_sem_5/install/turtlesim/include/turtlesim/turtlesim/srv/detail/spawn__rosidl_typesupport_introspection_c.h
[39.364s] -- Installing: /home/murilo_prianti/Documents/GitHub/prova_sem_5/install/turtlesim/include/turtlesim/turtlesim/srv/detail/teleport_absolute__type_support.c
[39.364s] -- Installing: /home/murilo_prianti/Documents/GitHub/prova_sem_5/install/turtlesim/include/turtlesim/turtlesim/srv/detail/set_pen__type_support.c
[39.364s] -- Installing: /home/murilo_prianti/Documents/GitHub/prova_sem_5/install/turtlesim/lib/libturtlesim__rosidl_typesupport_introspection_c.so
[39.364s] -- Set runtime path of "/home/murilo_prianti/Documents/GitHub/prova_sem_5/install/turtlesim/lib/libturtlesim__rosidl_typesupport_introspection_c.so" to ""
[39.364s] -- Installing: /home/murilo_prianti/Documents/GitHub/prova_sem_5/install/turtlesim/lib/libturtlesim__rosidl_typesupport_c.so
[39.364s] -- Set runtime path of "/home/murilo_prianti/Documents/GitHub/prova_sem_5/install/turtlesim/lib/libturtlesim__rosidl_typesupport_c.so" to ""
[39.365s] -- Up-to-date: /home/murilo_prianti/Documents/GitHub/prova_sem_5/install/turtlesim/include/turtlesim/turtlesim
[39.365s] -- Up-to-date: /home/murilo_prianti/Documents/GitHub/prova_sem_5/install/turtlesim/include/turtlesim/turtlesim/action
[39.365s] -- Up-to-date: /home/murilo_prianti/Documents/GitHub/prova_sem_5/install/turtlesim/include/turtlesim/turtlesim/action/detail
[39.365s] -- Installing: /home/murilo_prianti/Documents/GitHub/prova_sem_5/install/turtlesim/include/turtlesim/turtlesim/action/detail/rotate_absolute__rosidl_typesupport_introspection_cpp.hpp
[39.365s] -- Installing: /home/murilo_prianti/Documents/GitHub/prova_sem_5/install/turtlesim/include/turtlesim/turtlesim/action/detail/rotate_absolute__type_support.cpp
[39.365s] -- Up-to-date: /home/murilo_prianti/Documents/GitHub/prova_sem_5/install/turtlesim/include/turtlesim/turtlesim/msg
[39.365s] -- Up-to-date: /home/murilo_prianti/Documents/GitHub/prova_sem_5/install/turtlesim/include/turtlesim/turtlesim/msg/detail
[39.365s] -- Installing: /home/murilo_prianti/Documents/GitHub/prova_sem_5/install/turtlesim/include/turtlesim/turtlesim/msg/detail/color__type_support.cpp
[39.365s] -- Installing: /home/murilo_prianti/Documents/GitHub/prova_sem_5/install/turtlesim/include/turtlesim/turtlesim/msg/detail/pose__type_support.cpp
[39.365s] -- Installing: /home/murilo_prianti/Documents/GitHub/prova_sem_5/install/turtlesim/include/turtlesim/turtlesim/msg/detail/pose__rosidl_typesupport_introspection_cpp.hpp
[39.365s] -- Installing: /home/murilo_prianti/Documents/GitHub/prova_sem_5/install/turtlesim/include/turtlesim/turtlesim/msg/detail/color__rosidl_typesupport_introspection_cpp.hpp
[39.365s] -- Up-to-date: /home/murilo_prianti/Documents/GitHub/prova_sem_5/install/turtlesim/include/turtlesim/turtlesim/srv
[39.365s] -- Up-to-date: /home/murilo_prianti/Documents/GitHub/prova_sem_5/install/turtlesim/include/turtlesim/turtlesim/srv/detail
[39.365s] -- Installing: /home/murilo_prianti/Documents/GitHub/prova_sem_5/install/turtlesim/include/turtlesim/turtlesim/srv/detail/kill__rosidl_typesupport_introspection_cpp.hpp
[39.365s] -- Installing: /home/murilo_prianti/Documents/GitHub/prova_sem_5/install/turtlesim/include/turtlesim/turtlesim/srv/detail/teleport_relative__rosidl_typesupport_introspection_cpp.hpp
[39.365s] -- Installing: /home/murilo_prianti/Documents/GitHub/prova_sem_5/install/turtlesim/include/turtlesim/turtlesim/srv/detail/spawn__type_support.cpp
[39.365s] -- Installing: /home/murilo_prianti/Documents/GitHub/prova_sem_5/install/turtlesim/include/turtlesim/turtlesim/srv/detail/teleport_absolute__rosidl_typesupport_introspection_cpp.hpp
[39.365s] -- Installing: /home/murilo_prianti/Documents/GitHub/prova_sem_5/install/turtlesim/include/turtlesim/turtlesim/srv/detail/kill__type_support.cpp
[39.365s] -- Installing: /home/murilo_prianti/Documents/GitHub/prova_sem_5/install/turtlesim/include/turtlesim/turtlesim/srv/detail/set_pen__type_support.cpp
[39.366s] -- Installing: /home/murilo_prianti/Documents/GitHub/prova_sem_5/install/turtlesim/include/turtlesim/turtlesim/srv/detail/spawn__rosidl_typesupport_introspection_cpp.hpp
[39.366s] -- Installing: /home/murilo_prianti/Documents/GitHub/prova_sem_5/install/turtlesim/include/turtlesim/turtlesim/srv/detail/teleport_relative__type_support.cpp
[39.366s] -- Installing: /home/murilo_prianti/Documents/GitHub/prova_sem_5/install/turtlesim/include/turtlesim/turtlesim/srv/detail/teleport_absolute__type_support.cpp
[39.366s] -- Installing: /home/murilo_prianti/Documents/GitHub/prova_sem_5/install/turtlesim/include/turtlesim/turtlesim/srv/detail/set_pen__rosidl_typesupport_introspection_cpp.hpp
[39.366s] -- Installing: /home/murilo_prianti/Documents/GitHub/prova_sem_5/install/turtlesim/lib/libturtlesim__rosidl_typesupport_introspection_cpp.so
[39.366s] -- Set runtime path of "/home/murilo_prianti/Documents/GitHub/prova_sem_5/install/turtlesim/lib/libturtlesim__rosidl_typesupport_introspection_cpp.so" to ""
[39.366s] -- Installing: /home/murilo_prianti/Documents/GitHub/prova_sem_5/install/turtlesim/lib/libturtlesim__rosidl_typesupport_cpp.so
[39.366s] -- Set runtime path of "/home/murilo_prianti/Documents/GitHub/prova_sem_5/install/turtlesim/lib/libturtlesim__rosidl_typesupport_cpp.so" to ""
[39.366s] -- Installing: /home/murilo_prianti/Documents/GitHub/prova_sem_5/install/turtlesim/share/turtlesim/environment/pythonpath.sh
[39.366s] -- Installing: /home/murilo_prianti/Documents/GitHub/prova_sem_5/install/turtlesim/share/turtlesim/environment/pythonpath.dsv
[39.366s] -- Installing: /home/murilo_prianti/Documents/GitHub/prova_sem_5/install/turtlesim/local/lib/python3.10/dist-packages/turtlesim-1.4.2-py3.10.egg-info
[39.367s] -- Installing: /home/murilo_prianti/Documents/GitHub/prova_sem_5/install/turtlesim/local/lib/python3.10/dist-packages/turtlesim-1.4.2-py3.10.egg-info/top_level.txt
[39.367s] -- Installing: /home/murilo_prianti/Documents/GitHub/prova_sem_5/install/turtlesim/local/lib/python3.10/dist-packages/turtlesim-1.4.2-py3.10.egg-info/PKG-INFO
[39.367s] -- Installing: /home/murilo_prianti/Documents/GitHub/prova_sem_5/install/turtlesim/local/lib/python3.10/dist-packages/turtlesim-1.4.2-py3.10.egg-info/SOURCES.txt
[39.571s] -- Installing: /home/murilo_prianti/Documents/GitHub/prova_sem_5/install/turtlesim/local/lib/python3.10/dist-packages/turtlesim-1.4.2-py3.10.egg-info/dependency_links.txt
[39.572s] -- Installing: /home/murilo_prianti/Documents/GitHub/prova_sem_5/install/turtlesim/local/lib/python3.10/dist-packages/turtlesim
[39.572s] -- Installing: /home/murilo_prianti/Documents/GitHub/prova_sem_5/install/turtlesim/local/lib/python3.10/dist-packages/turtlesim/turtlesim_s__rosidl_typesupport_introspection_c.cpython-310-x86_64-linux-gnu.so
[39.572s] -- Installing: /home/murilo_prianti/Documents/GitHub/prova_sem_5/install/turtlesim/local/lib/python3.10/dist-packages/turtlesim/turtlesim_s__rosidl_typesupport_fastrtps_c.cpython-310-x86_64-linux-gnu.so
[39.572s] -- Installing: /home/murilo_prianti/Documents/GitHub/prova_sem_5/install/turtlesim/local/lib/python3.10/dist-packages/turtlesim/turtlesim_s__rosidl_typesupport_c.cpython-310-x86_64-linux-gnu.so
[39.572s] -- Installing: /home/murilo_prianti/Documents/GitHub/prova_sem_5/install/turtlesim/local/lib/python3.10/dist-packages/turtlesim/action
[39.573s] -- Installing: /home/murilo_prianti/Documents/GitHub/prova_sem_5/install/turtlesim/local/lib/python3.10/dist-packages/turtlesim/action/_rotate_absolute.py
[39.573s] -- Installing: /home/murilo_prianti/Documents/GitHub/prova_sem_5/install/turtlesim/local/lib/python3.10/dist-packages/turtlesim/action/__init__.py
[39.573s] -- Installing: /home/murilo_prianti/Documents/GitHub/prova_sem_5/install/turtlesim/local/lib/python3.10/dist-packages/turtlesim/action/_rotate_absolute_s.c
[39.573s] -- Installing: /home/murilo_prianti/Documents/GitHub/prova_sem_5/install/turtlesim/local/lib/python3.10/dist-packages/turtlesim/_turtlesim_s.ep.rosidl_typesupport_fastrtps_c.c
[39.574s] -- Installing: /home/murilo_prianti/Documents/GitHub/prova_sem_5/install/turtlesim/local/lib/python3.10/dist-packages/turtlesim/__init__.py
[39.581s] -- Installing: /home/murilo_prianti/Documents/GitHub/prova_sem_5/install/turtlesim/local/lib/python3.10/dist-packages/turtlesim/_turtlesim_s.ep.rosidl_typesupport_introspection_c.c
[39.581s] -- Installing: /home/murilo_prianti/Documents/GitHub/prova_sem_5/install/turtlesim/local/lib/python3.10/dist-packages/turtlesim/_turtlesim_s.ep.rosidl_typesupport_c.c
[39.581s] -- Installing: /home/murilo_prianti/Documents/GitHub/prova_sem_5/install/turtlesim/local/lib/python3.10/dist-packages/turtlesim/msg
[39.582s] -- Installing: /home/murilo_prianti/Documents/GitHub/prova_sem_5/install/turtlesim/local/lib/python3.10/dist-packages/turtlesim/msg/_pose.py
[39.582s] -- Installing: /home/murilo_prianti/Documents/GitHub/prova_sem_5/install/turtlesim/local/lib/python3.10/dist-packages/turtlesim/msg/_pose_s.c
[39.582s] -- Installing: /home/murilo_prianti/Documents/GitHub/prova_sem_5/install/turtlesim/local/lib/python3.10/dist-packages/turtlesim/msg/_color.py
[39.582s] -- Installing: /home/murilo_prianti/Documents/GitHub/prova_sem_5/install/turtlesim/local/lib/python3.10/dist-packages/turtlesim/msg/__init__.py
[39.583s] -- Installing: /home/murilo_prianti/Documents/GitHub/prova_sem_5/install/turtlesim/local/lib/python3.10/dist-packages/turtlesim/msg/_color_s.c
[39.583s] -- Installing: /home/murilo_prianti/Documents/GitHub/prova_sem_5/install/turtlesim/local/lib/python3.10/dist-packages/turtlesim/srv
[39.583s] -- Installing: /home/murilo_prianti/Documents/GitHub/prova_sem_5/install/turtlesim/local/lib/python3.10/dist-packages/turtlesim/srv/_teleport_relative_s.c
[39.583s] -- Installing: /home/murilo_prianti/Documents/GitHub/prova_sem_5/install/turtlesim/local/lib/python3.10/dist-packages/turtlesim/srv/_teleport_absolute.py
[39.587s] -- Installing: /home/murilo_prianti/Documents/GitHub/prova_sem_5/install/turtlesim/local/lib/python3.10/dist-packages/turtlesim/srv/_teleport_relative.py
[39.587s] -- Installing: /home/murilo_prianti/Documents/GitHub/prova_sem_5/install/turtlesim/local/lib/python3.10/dist-packages/turtlesim/srv/_spawn_s.c
[39.587s] -- Installing: /home/murilo_prianti/Documents/GitHub/prova_sem_5/install/turtlesim/local/lib/python3.10/dist-packages/turtlesim/srv/_teleport_absolute_s.c
[39.588s] -- Installing: /home/murilo_prianti/Documents/GitHub/prova_sem_5/install/turtlesim/local/lib/python3.10/dist-packages/turtlesim/srv/__init__.py
[39.588s] -- Installing: /home/murilo_prianti/Documents/GitHub/prova_sem_5/install/turtlesim/local/lib/python3.10/dist-packages/turtlesim/srv/_kill_s.c
[39.588s] -- Installing: /home/murilo_prianti/Documents/GitHub/prova_sem_5/install/turtlesim/local/lib/python3.10/dist-packages/turtlesim/srv/_kill.py
[39.588s] -- Installing: /home/murilo_prianti/Documents/GitHub/prova_sem_5/install/turtlesim/local/lib/python3.10/dist-packages/turtlesim/srv/_set_pen_s.c
[39.588s] -- Installing: /home/murilo_prianti/Documents/GitHub/prova_sem_5/install/turtlesim/local/lib/python3.10/dist-packages/turtlesim/srv/_set_pen.py
[39.589s] -- Installing: /home/murilo_prianti/Documents/GitHub/prova_sem_5/install/turtlesim/local/lib/python3.10/dist-packages/turtlesim/srv/_spawn.py
[39.589s] -- Installing: /home/murilo_prianti/Documents/GitHub/prova_sem_5/install/turtlesim/local/lib/python3.10/dist-packages/turtlesim/libturtlesim__rosidl_generator_py.so
[39.654s] Listing '/home/murilo_prianti/Documents/GitHub/prova_sem_5/install/turtlesim/local/lib/python3.10/dist-packages/turtlesim'...
[39.654s] Compiling '/home/murilo_prianti/Documents/GitHub/prova_sem_5/install/turtlesim/local/lib/python3.10/dist-packages/turtlesim/__init__.py'...
[39.654s] Listing '/home/murilo_prianti/Documents/GitHub/prova_sem_5/install/turtlesim/local/lib/python3.10/dist-packages/turtlesim/action'...
[39.654s] Compiling '/home/murilo_prianti/Documents/GitHub/prova_sem_5/install/turtlesim/local/lib/python3.10/dist-packages/turtlesim/action/__init__.py'...
[39.654s] Compiling '/home/murilo_prianti/Documents/GitHub/prova_sem_5/install/turtlesim/local/lib/python3.10/dist-packages/turtlesim/action/_rotate_absolute.py'...
[39.654s] Listing '/home/murilo_prianti/Documents/GitHub/prova_sem_5/install/turtlesim/local/lib/python3.10/dist-packages/turtlesim/msg'...
[39.654s] Compiling '/home/murilo_prianti/Documents/GitHub/prova_sem_5/install/turtlesim/local/lib/python3.10/dist-packages/turtlesim/msg/__init__.py'...
[39.654s] Compiling '/home/murilo_prianti/Documents/GitHub/prova_sem_5/install/turtlesim/local/lib/python3.10/dist-packages/turtlesim/msg/_color.py'...
[39.654s] Compiling '/home/murilo_prianti/Documents/GitHub/prova_sem_5/install/turtlesim/local/lib/python3.10/dist-packages/turtlesim/msg/_pose.py'...
[39.654s] Listing '/home/murilo_prianti/Documents/GitHub/prova_sem_5/install/turtlesim/local/lib/python3.10/dist-packages/turtlesim/srv'...
[39.655s] Compiling '/home/murilo_prianti/Documents/GitHub/prova_sem_5/install/turtlesim/local/lib/python3.10/dist-packages/turtlesim/srv/__init__.py'...
[39.655s] Compiling '/home/murilo_prianti/Documents/GitHub/prova_sem_5/install/turtlesim/local/lib/python3.10/dist-packages/turtlesim/srv/_kill.py'...
[39.655s] Compiling '/home/murilo_prianti/Documents/GitHub/prova_sem_5/install/turtlesim/local/lib/python3.10/dist-packages/turtlesim/srv/_set_pen.py'...
[39.655s] Compiling '/home/murilo_prianti/Documents/GitHub/prova_sem_5/install/turtlesim/local/lib/python3.10/dist-packages/turtlesim/srv/_spawn.py'...
[39.655s] Compiling '/home/murilo_prianti/Documents/GitHub/prova_sem_5/install/turtlesim/local/lib/python3.10/dist-packages/turtlesim/srv/_teleport_absolute.py'...
[39.655s] Compiling '/home/murilo_prianti/Documents/GitHub/prova_sem_5/install/turtlesim/local/lib/python3.10/dist-packages/turtlesim/srv/_teleport_relative.py'...
[39.658s] -- Installing: /home/murilo_prianti/Documents/GitHub/prova_sem_5/install/turtlesim/local/lib/python3.10/dist-packages/turtlesim/turtlesim_s__rosidl_typesupport_fastrtps_c.cpython-310-x86_64-linux-gnu.so
[39.658s] -- Set runtime path of "/home/murilo_prianti/Documents/GitHub/prova_sem_5/install/turtlesim/local/lib/python3.10/dist-packages/turtlesim/turtlesim_s__rosidl_typesupport_fastrtps_c.cpython-310-x86_64-linux-gnu.so" to ""
[39.658s] -- Installing: /home/murilo_prianti/Documents/GitHub/prova_sem_5/install/turtlesim/local/lib/python3.10/dist-packages/turtlesim/turtlesim_s__rosidl_typesupport_introspection_c.cpython-310-x86_64-linux-gnu.so
[39.658s] -- Set runtime path of "/home/murilo_prianti/Documents/GitHub/prova_sem_5/install/turtlesim/local/lib/python3.10/dist-packages/turtlesim/turtlesim_s__rosidl_typesupport_introspection_c.cpython-310-x86_64-linux-gnu.so" to ""
[39.659s] -- Installing: /home/murilo_prianti/Documents/GitHub/prova_sem_5/install/turtlesim/local/lib/python3.10/dist-packages/turtlesim/turtlesim_s__rosidl_typesupport_c.cpython-310-x86_64-linux-gnu.so
[39.659s] -- Set runtime path of "/home/murilo_prianti/Documents/GitHub/prova_sem_5/install/turtlesim/local/lib/python3.10/dist-packages/turtlesim/turtlesim_s__rosidl_typesupport_c.cpython-310-x86_64-linux-gnu.so" to ""
[39.659s] -- Installing: /home/murilo_prianti/Documents/GitHub/prova_sem_5/install/turtlesim/lib/libturtlesim__rosidl_generator_py.so
[39.659s] -- Set runtime path of "/home/murilo_prianti/Documents/GitHub/prova_sem_5/install/turtlesim/lib/libturtlesim__rosidl_generator_py.so" to ""
[39.659s] -- Installing: /home/murilo_prianti/Documents/GitHub/prova_sem_5/install/turtlesim/share/turtlesim/action/RotateAbsolute.idl
[39.660s] -- Installing: /home/murilo_prianti/Documents/GitHub/prova_sem_5/install/turtlesim/share/turtlesim/msg/Color.idl
[39.660s] -- Installing: /home/murilo_prianti/Documents/GitHub/prova_sem_5/install/turtlesim/share/turtlesim/msg/Pose.idl
[39.660s] -- Installing: /home/murilo_prianti/Documents/GitHub/prova_sem_5/install/turtlesim/share/turtlesim/srv/Kill.idl
[39.660s] -- Installing: /home/murilo_prianti/Documents/GitHub/prova_sem_5/install/turtlesim/share/turtlesim/srv/SetPen.idl
[39.660s] -- Installing: /home/murilo_prianti/Documents/GitHub/prova_sem_5/install/turtlesim/share/turtlesim/srv/Spawn.idl
[39.660s] -- Installing: /home/murilo_prianti/Documents/GitHub/prova_sem_5/install/turtlesim/share/turtlesim/srv/TeleportAbsolute.idl
[39.660s] -- Installing: /home/murilo_prianti/Documents/GitHub/prova_sem_5/install/turtlesim/share/turtlesim/srv/TeleportRelative.idl
[39.660s] -- Installing: /home/murilo_prianti/Documents/GitHub/prova_sem_5/install/turtlesim/share/turtlesim/action/RotateAbsolute.action
[39.660s] -- Installing: /home/murilo_prianti/Documents/GitHub/prova_sem_5/install/turtlesim/share/turtlesim/msg/Color.msg
[39.661s] -- Installing: /home/murilo_prianti/Documents/GitHub/prova_sem_5/install/turtlesim/share/turtlesim/msg/Pose.msg
[39.661s] -- Installing: /home/murilo_prianti/Documents/GitHub/prova_sem_5/install/turtlesim/share/turtlesim/srv/Kill.srv
[39.661s] -- Installing: /home/murilo_prianti/Documents/GitHub/prova_sem_5/install/turtlesim/share/turtlesim/srv/Kill_Request.msg
[39.661s] -- Installing: /home/murilo_prianti/Documents/GitHub/prova_sem_5/install/turtlesim/share/turtlesim/srv/Kill_Response.msg
[39.661s] -- Installing: /home/murilo_prianti/Documents/GitHub/prova_sem_5/install/turtlesim/share/turtlesim/srv/SetPen.srv
[39.661s] -- Installing: /home/murilo_prianti/Documents/GitHub/prova_sem_5/install/turtlesim/share/turtlesim/srv/SetPen_Request.msg
[39.661s] -- Installing: /home/murilo_prianti/Documents/GitHub/prova_sem_5/install/turtlesim/share/turtlesim/srv/SetPen_Response.msg
[39.661s] -- Installing: /home/murilo_prianti/Documents/GitHub/prova_sem_5/install/turtlesim/share/turtlesim/srv/Spawn.srv
[39.661s] -- Installing: /home/murilo_prianti/Documents/GitHub/prova_sem_5/install/turtlesim/share/turtlesim/srv/Spawn_Request.msg
[39.662s] -- Installing: /home/murilo_prianti/Documents/GitHub/prova_sem_5/install/turtlesim/share/turtlesim/srv/Spawn_Response.msg
[39.662s] -- Installing: /home/murilo_prianti/Documents/GitHub/prova_sem_5/install/turtlesim/share/turtlesim/srv/TeleportAbsolute.srv
[39.662s] -- Installing: /home/murilo_prianti/Documents/GitHub/prova_sem_5/install/turtlesim/share/turtlesim/srv/TeleportAbsolute_Request.msg
[39.662s] -- Installing: /home/murilo_prianti/Documents/GitHub/prova_sem_5/install/turtlesim/share/turtlesim/srv/TeleportAbsolute_Response.msg
[39.662s] -- Installing: /home/murilo_prianti/Documents/GitHub/prova_sem_5/install/turtlesim/share/turtlesim/srv/TeleportRelative.srv
[39.662s] -- Installing: /home/murilo_prianti/Documents/GitHub/prova_sem_5/install/turtlesim/share/turtlesim/srv/TeleportRelative_Request.msg
[39.662s] -- Installing: /home/murilo_prianti/Documents/GitHub/prova_sem_5/install/turtlesim/share/turtlesim/srv/TeleportRelative_Response.msg
[39.662s] -- Installing: /home/murilo_prianti/Documents/GitHub/prova_sem_5/install/turtlesim/lib/turtlesim/turtlesim_node
[39.669s] -- Set runtime path of "/home/murilo_prianti/Documents/GitHub/prova_sem_5/install/turtlesim/lib/turtlesim/turtlesim_node" to ""
[39.669s] -- Installing: /home/murilo_prianti/Documents/GitHub/prova_sem_5/install/turtlesim/lib/turtlesim/turtle_teleop_key
[39.670s] -- Set runtime path of "/home/murilo_prianti/Documents/GitHub/prova_sem_5/install/turtlesim/lib/turtlesim/turtle_teleop_key" to ""
[39.670s] -- Installing: /home/murilo_prianti/Documents/GitHub/prova_sem_5/install/turtlesim/lib/turtlesim/draw_square
[39.674s] -- Set runtime path of "/home/murilo_prianti/Documents/GitHub/prova_sem_5/install/turtlesim/lib/turtlesim/draw_square" to ""
[39.674s] -- Installing: /home/murilo_prianti/Documents/GitHub/prova_sem_5/install/turtlesim/lib/turtlesim/mimic
[39.677s] -- Set runtime path of "/home/murilo_prianti/Documents/GitHub/prova_sem_5/install/turtlesim/lib/turtlesim/mimic" to ""
[39.677s] -- Installing: /home/murilo_prianti/Documents/GitHub/prova_sem_5/install/turtlesim/share/turtlesim/images
[39.677s] -- Installing: /home/murilo_prianti/Documents/GitHub/prova_sem_5/install/turtlesim/share/turtlesim/images/eloquent.png
[39.677s] -- Installing: /home/murilo_prianti/Documents/GitHub/prova_sem_5/install/turtlesim/share/turtlesim/images/dashing.png
[39.677s] -- Installing: /home/murilo_prianti/Documents/GitHub/prova_sem_5/install/turtlesim/share/turtlesim/images/bouncy.png
[39.677s] -- Installing: /home/murilo_prianti/Documents/GitHub/prova_sem_5/install/turtlesim/share/turtlesim/images/humble.png
[39.677s] -- Installing: /home/murilo_prianti/Documents/GitHub/prova_sem_5/install/turtlesim/share/turtlesim/images/rolling.png
[39.677s] -- Installing: /home/murilo_prianti/Documents/GitHub/prova_sem_5/install/turtlesim/share/turtlesim/images/crystal.png
[39.677s] -- Installing: /home/murilo_prianti/Documents/GitHub/prova_sem_5/install/turtlesim/share/turtlesim/images/foxy.png
[39.677s] -- Installing: /home/murilo_prianti/Documents/GitHub/prova_sem_5/install/turtlesim/share/turtlesim/images/galactic.png
[39.678s] -- Installing: /home/murilo_prianti/Documents/GitHub/prova_sem_5/install/turtlesim/share/turtlesim/images/ardent.png
[39.678s] -- Installing: /home/murilo_prianti/Documents/GitHub/prova_sem_5/install/turtlesim/share/turtlesim/launch
[39.678s] -- Installing: /home/murilo_prianti/Documents/GitHub/prova_sem_5/install/turtlesim/share/turtlesim/launch/multisim.launch.py
[39.678s] -- Installing: /home/murilo_prianti/Documents/GitHub/prova_sem_5/install/turtlesim/share/ament_index/resource_index/package_run_dependencies/turtlesim
[39.678s] -- Installing: /home/murilo_prianti/Documents/GitHub/prova_sem_5/install/turtlesim/share/ament_index/resource_index/parent_prefix_path/turtlesim
[39.678s] -- Installing: /home/murilo_prianti/Documents/GitHub/prova_sem_5/install/turtlesim/share/turtlesim/environment/ament_prefix_path.sh
[39.678s] -- Installing: /home/murilo_prianti/Documents/GitHub/prova_sem_5/install/turtlesim/share/turtlesim/environment/ament_prefix_path.dsv
[39.678s] -- Installing: /home/murilo_prianti/Documents/GitHub/prova_sem_5/install/turtlesim/share/turtlesim/environment/path.sh
[39.678s] -- Installing: /home/murilo_prianti/Documents/GitHub/prova_sem_5/install/turtlesim/share/turtlesim/environment/path.dsv
[39.679s] -- Installing: /home/murilo_prianti/Documents/GitHub/prova_sem_5/install/turtlesim/share/turtlesim/local_setup.bash
[39.679s] -- Installing: /home/murilo_prianti/Documents/GitHub/prova_sem_5/install/turtlesim/share/turtlesim/local_setup.sh
[39.679s] -- Installing: /home/murilo_prianti/Documents/GitHub/prova_sem_5/install/turtlesim/share/turtlesim/local_setup.zsh
[39.679s] -- Installing: /home/murilo_prianti/Documents/GitHub/prova_sem_5/install/turtlesim/share/turtlesim/local_setup.dsv
[39.679s] -- Installing: /home/murilo_prianti/Documents/GitHub/prova_sem_5/install/turtlesim/share/turtlesim/package.dsv
[39.679s] -- Installing: /home/murilo_prianti/Documents/GitHub/prova_sem_5/install/turtlesim/share/ament_index/resource_index/packages/turtlesim
[39.679s] -- Installing: /home/murilo_prianti/Documents/GitHub/prova_sem_5/install/turtlesim/share/turtlesim/cmake/export_turtlesim__rosidl_generator_cExport.cmake
[39.679s] -- Installing: /home/murilo_prianti/Documents/GitHub/prova_sem_5/install/turtlesim/share/turtlesim/cmake/export_turtlesim__rosidl_generator_cExport-noconfig.cmake
[39.681s] -- Installing: /home/murilo_prianti/Documents/GitHub/prova_sem_5/install/turtlesim/share/turtlesim/cmake/export_turtlesim__rosidl_typesupport_fastrtps_cExport.cmake
[39.681s] -- Installing: /home/murilo_prianti/Documents/GitHub/prova_sem_5/install/turtlesim/share/turtlesim/cmake/export_turtlesim__rosidl_typesupport_fastrtps_cExport-noconfig.cmake
[39.681s] -- Installing: /home/murilo_prianti/Documents/GitHub/prova_sem_5/install/turtlesim/share/turtlesim/cmake/export_turtlesim__rosidl_generator_cppExport.cmake
[39.681s] -- Installing: /home/murilo_prianti/Documents/GitHub/prova_sem_5/install/turtlesim/share/turtlesim/cmake/export_turtlesim__rosidl_typesupport_fastrtps_cppExport.cmake
[39.681s] -- Installing: /home/murilo_prianti/Documents/GitHub/prova_sem_5/install/turtlesim/share/turtlesim/cmake/export_turtlesim__rosidl_typesupport_fastrtps_cppExport-noconfig.cmake
[39.681s] -- Installing: /home/murilo_prianti/Documents/GitHub/prova_sem_5/install/turtlesim/share/turtlesim/cmake/turtlesim__rosidl_typesupport_introspection_cExport.cmake
[39.681s] -- Installing: /home/murilo_prianti/Documents/GitHub/prova_sem_5/install/turtlesim/share/turtlesim/cmake/turtlesim__rosidl_typesupport_introspection_cExport-noconfig.cmake
[39.681s] -- Installing: /home/murilo_prianti/Documents/GitHub/prova_sem_5/install/turtlesim/share/turtlesim/cmake/turtlesim__rosidl_typesupport_cExport.cmake
[39.682s] -- Installing: /home/murilo_prianti/Documents/GitHub/prova_sem_5/install/turtlesim/share/turtlesim/cmake/turtlesim__rosidl_typesupport_cExport-noconfig.cmake
[39.682s] -- Installing: /home/murilo_prianti/Documents/GitHub/prova_sem_5/install/turtlesim/share/turtlesim/cmake/turtlesim__rosidl_typesupport_introspection_cppExport.cmake
[39.682s] -- Installing: /home/murilo_prianti/Documents/GitHub/prova_sem_5/install/turtlesim/share/turtlesim/cmake/turtlesim__rosidl_typesupport_introspection_cppExport-noconfig.cmake
[39.682s] -- Installing: /home/murilo_prianti/Documents/GitHub/prova_sem_5/install/turtlesim/share/turtlesim/cmake/turtlesim__rosidl_typesupport_cppExport.cmake
[39.682s] -- Installing: /home/murilo_prianti/Documents/GitHub/prova_sem_5/install/turtlesim/share/turtlesim/cmake/turtlesim__rosidl_typesupport_cppExport-noconfig.cmake
[39.682s] -- Installing: /home/murilo_prianti/Documents/GitHub/prova_sem_5/install/turtlesim/share/turtlesim/cmake/export_turtlesim__rosidl_generator_pyExport.cmake
[39.682s] -- Installing: /home/murilo_prianti/Documents/GitHub/prova_sem_5/install/turtlesim/share/turtlesim/cmake/export_turtlesim__rosidl_generator_pyExport-noconfig.cmake
[39.683s] -- Installing: /home/murilo_prianti/Documents/GitHub/prova_sem_5/install/turtlesim/share/turtlesim/cmake/rosidl_cmake-extras.cmake
[39.683s] -- Installing: /home/murilo_prianti/Documents/GitHub/prova_sem_5/install/turtlesim/share/turtlesim/cmake/ament_cmake_export_dependencies-extras.cmake
[39.683s] -- Installing: /home/murilo_prianti/Documents/GitHub/prova_sem_5/install/turtlesim/share/turtlesim/cmake/ament_cmake_export_include_directories-extras.cmake
[39.683s] -- Installing: /home/murilo_prianti/Documents/GitHub/prova_sem_5/install/turtlesim/share/turtlesim/cmake/ament_cmake_export_libraries-extras.cmake
[39.683s] -- Installing: /home/murilo_prianti/Documents/GitHub/prova_sem_5/install/turtlesim/share/turtlesim/cmake/ament_cmake_export_targets-extras.cmake
[39.683s] -- Installing: /home/murilo_prianti/Documents/GitHub/prova_sem_5/install/turtlesim/share/turtlesim/cmake/rosidl_cmake_export_typesupport_targets-extras.cmake
[39.683s] -- Installing: /home/murilo_prianti/Documents/GitHub/prova_sem_5/install/turtlesim/share/turtlesim/cmake/rosidl_cmake_export_typesupport_libraries-extras.cmake
[39.683s] -- Installing: /home/murilo_prianti/Documents/GitHub/prova_sem_5/install/turtlesim/share/turtlesim/cmake/turtlesimConfig.cmake
[39.683s] -- Installing: /home/murilo_prianti/Documents/GitHub/prova_sem_5/install/turtlesim/share/turtlesim/cmake/turtlesimConfig-version.cmake
[39.683s] -- Installing: /home/murilo_prianti/Documents/GitHub/prova_sem_5/install/turtlesim/share/turtlesim/package.xml
[39.686s] Invoked command in '/home/murilo_prianti/Documents/GitHub/prova_sem_5/build/turtlesim' returned '0': CMAKE_PREFIX_PATH=${CMAKE_PREFIX_PATH}:/opt/ros/humble /usr/bin/cmake --install /home/murilo_prianti/Documents/GitHub/prova_sem_5/build/turtlesim
