[1.035s] Invoking command in '/home/murilo_prianti/Documents/GitHub/prova_sem_5/meu_workspace/src/ola_mundo': PYTHONPATH=/home/murilo_prianti/Documents/GitHub/prova_sem_5/build/ola_mundo/prefix_override:/home/murilo_prianti/Documents/GitHub/prova_sem_5/install/ola_mundo/lib/python3.10/site-packages:${PYTHONPATH} /usr/bin/python3 -W ignore:setup.py install is deprecated setup.py egg_info --egg-base ../../../build/ola_mundo build --build-base /home/murilo_prianti/Documents/GitHub/prova_sem_5/build/ola_mundo/build install --record /home/murilo_prianti/Documents/GitHub/prova_sem_5/build/ola_mundo/install.log --single-version-externally-managed install_data
[1.232s] running egg_info
[1.232s] writing ../../../build/ola_mundo/ola_mundo.egg-info/PKG-INFO
[1.255s] writing dependency_links to ../../../build/ola_mundo/ola_mundo.egg-info/dependency_links.txt
[1.255s] writing entry points to ../../../build/ola_mundo/ola_mundo.egg-info/entry_points.txt
[1.271s] writing requirements to ../../../build/ola_mundo/ola_mundo.egg-info/requires.txt
[1.276s] writing top-level names to ../../../build/ola_mundo/ola_mundo.egg-info/top_level.txt
[1.284s] reading manifest file '../../../build/ola_mundo/ola_mundo.egg-info/SOURCES.txt'
[1.287s] writing manifest file '../../../build/ola_mundo/ola_mundo.egg-info/SOURCES.txt'
[1.292s] running build
[1.292s] running build_py
[1.292s] running install
[1.293s] running install_lib
[1.294s] running install_data
[1.294s] running install_egg_info
[1.296s] removing '/home/murilo_prianti/Documents/GitHub/prova_sem_5/install/ola_mundo/lib/python3.10/site-packages/ola_mundo-0.0.0-py3.10.egg-info' (and everything under it)
[1.297s] Copying ../../../build/ola_mundo/ola_mundo.egg-info to /home/murilo_prianti/Documents/GitHub/prova_sem_5/install/ola_mundo/lib/python3.10/site-packages/ola_mundo-0.0.0-py3.10.egg-info
[1.297s] running install_scripts
[1.325s] Installing ola script to /home/murilo_prianti/Documents/GitHub/prova_sem_5/install/ola_mundo/lib/ola_mundo
[1.329s] writing list of installed files to '/home/murilo_prianti/Documents/GitHub/prova_sem_5/build/ola_mundo/install.log'
[1.402s] Invoked command in '/home/murilo_prianti/Documents/GitHub/prova_sem_5/meu_workspace/src/ola_mundo' returned '0': PYTHONPATH=/home/murilo_prianti/Documents/GitHub/prova_sem_5/build/ola_mundo/prefix_override:/home/murilo_prianti/Documents/GitHub/prova_sem_5/install/ola_mundo/lib/python3.10/site-packages:${PYTHONPATH} /usr/bin/python3 -W ignore:setup.py install is deprecated setup.py egg_info --egg-base ../../../build/ola_mundo build --build-base /home/murilo_prianti/Documents/GitHub/prova_sem_5/build/ola_mundo/build install --record /home/murilo_prianti/Documents/GitHub/prova_sem_5/build/ola_mundo/install.log --single-version-externally-managed install_data
