running egg_info
creating ../../../build/ponderada_semana_2/ponderada_semana_2.egg-info
writing ../../../build/ponderada_semana_2/ponderada_semana_2.egg-info/PKG-INFO
writing dependency_links to ../../../build/ponderada_semana_2/ponderada_semana_2.egg-info/dependency_links.txt
writing entry points to ../../../build/ponderada_semana_2/ponderada_semana_2.egg-info/entry_points.txt
writing requirements to ../../../build/ponderada_semana_2/ponderada_semana_2.egg-info/requires.txt
writing top-level names to ../../../build/ponderada_semana_2/ponderada_semana_2.egg-info/top_level.txt
writing manifest file '../../../build/ponderada_semana_2/ponderada_semana_2.egg-info/SOURCES.txt'
reading manifest file '../../../build/ponderada_semana_2/ponderada_semana_2.egg-info/SOURCES.txt'
writing manifest file '../../../build/ponderada_semana_2/ponderada_semana_2.egg-info/SOURCES.txt'
running build
running build_py
creating /home/murilo_prianti/Documents/GitHub/prova_sem_5/build/ponderada_semana_2/build
creating /home/murilo_prianti/Documents/GitHub/prova_sem_5/build/ponderada_semana_2/build/lib
creating /home/murilo_prianti/Documents/GitHub/prova_sem_5/build/ponderada_semana_2/build/lib/ponderada_semana_2
copying ponderada_semana_2/ponderada_2.py -> /home/murilo_prianti/Documents/GitHub/prova_sem_5/build/ponderada_semana_2/build/lib/ponderada_semana_2
copying ponderada_semana_2/__init__.py -> /home/murilo_prianti/Documents/GitHub/prova_sem_5/build/ponderada_semana_2/build/lib/ponderada_semana_2
running install
running install_lib
creating /home/murilo_prianti/Documents/GitHub/prova_sem_5/install/ponderada_semana_2/lib/python3.10/site-packages/ponderada_semana_2
copying /home/murilo_prianti/Documents/GitHub/prova_sem_5/build/ponderada_semana_2/build/lib/ponderada_semana_2/ponderada_2.py -> /home/murilo_prianti/Documents/GitHub/prova_sem_5/install/ponderada_semana_2/lib/python3.10/site-packages/ponderada_semana_2
copying /home/murilo_prianti/Documents/GitHub/prova_sem_5/build/ponderada_semana_2/build/lib/ponderada_semana_2/__init__.py -> /home/murilo_prianti/Documents/GitHub/prova_sem_5/install/ponderada_semana_2/lib/python3.10/site-packages/ponderada_semana_2
byte-compiling /home/murilo_prianti/Documents/GitHub/prova_sem_5/install/ponderada_semana_2/lib/python3.10/site-packages/ponderada_semana_2/ponderada_2.py to ponderada_2.cpython-310.pyc
byte-compiling /home/murilo_prianti/Documents/GitHub/prova_sem_5/install/ponderada_semana_2/lib/python3.10/site-packages/ponderada_semana_2/__init__.py to __init__.cpython-310.pyc
running install_data
creating /home/murilo_prianti/Documents/GitHub/prova_sem_5/install/ponderada_semana_2/share/ament_index
creating /home/murilo_prianti/Documents/GitHub/prova_sem_5/install/ponderada_semana_2/share/ament_index/resource_index
creating /home/murilo_prianti/Documents/GitHub/prova_sem_5/install/ponderada_semana_2/share/ament_index/resource_index/packages
copying resource/ponderada_semana_2 -> /home/murilo_prianti/Documents/GitHub/prova_sem_5/install/ponderada_semana_2/share/ament_index/resource_index/packages
copying package.xml -> /home/murilo_prianti/Documents/GitHub/prova_sem_5/install/ponderada_semana_2/share/ponderada_semana_2
running install_egg_info
Copying ../../../build/ponderada_semana_2/ponderada_semana_2.egg-info to /home/murilo_prianti/Documents/GitHub/prova_sem_5/install/ponderada_semana_2/lib/python3.10/site-packages/ponderada_semana_2-0.0.0-py3.10.egg-info
running install_scripts
Installing ponderada_2 script to /home/murilo_prianti/Documents/GitHub/prova_sem_5/install/ponderada_semana_2/lib/ponderada_semana_2
writing list of installed files to '/home/murilo_prianti/Documents/GitHub/prova_sem_5/build/ponderada_semana_2/install.log'
