[3.176s] Invoking command in '/home/murilo_prianti/Documents/GitHub/prova_sem_5/meu_workspace/src/ponderada_semana_2': PYTHONPATH=/home/murilo_prianti/Documents/GitHub/prova_sem_5/build/ponderada_semana_2/prefix_override:/home/murilo_prianti/Documents/GitHub/prova_sem_5/install/ponderada_semana_2/lib/python3.10/site-packages:${PYTHONPATH} /usr/bin/python3 -W ignore:setup.py install is deprecated setup.py egg_info --egg-base ../../../build/ponderada_semana_2 build --build-base /home/murilo_prianti/Documents/GitHub/prova_sem_5/build/ponderada_semana_2/build install --record /home/murilo_prianti/Documents/GitHub/prova_sem_5/build/ponderada_semana_2/install.log --single-version-externally-managed install_data
[3.351s] running egg_info
[3.352s] creating ../../../build/ponderada_semana_2/ponderada_semana_2.egg-info
[3.352s] writing ../../../build/ponderada_semana_2/ponderada_semana_2.egg-info/PKG-INFO
[3.353s] writing dependency_links to ../../../build/ponderada_semana_2/ponderada_semana_2.egg-info/dependency_links.txt
[3.353s] writing entry points to ../../../build/ponderada_semana_2/ponderada_semana_2.egg-info/entry_points.txt
[3.353s] writing requirements to ../../../build/ponderada_semana_2/ponderada_semana_2.egg-info/requires.txt
[3.353s] writing top-level names to ../../../build/ponderada_semana_2/ponderada_semana_2.egg-info/top_level.txt
[3.353s] writing manifest file '../../../build/ponderada_semana_2/ponderada_semana_2.egg-info/SOURCES.txt'
[3.354s] reading manifest file '../../../build/ponderada_semana_2/ponderada_semana_2.egg-info/SOURCES.txt'
[3.355s] writing manifest file '../../../build/ponderada_semana_2/ponderada_semana_2.egg-info/SOURCES.txt'
[3.360s] running build
[3.360s] running build_py
[3.360s] creating /home/murilo_prianti/Documents/GitHub/prova_sem_5/build/ponderada_semana_2/build
[3.360s] creating /home/murilo_prianti/Documents/GitHub/prova_sem_5/build/ponderada_semana_2/build/lib
[3.360s] creating /home/murilo_prianti/Documents/GitHub/prova_sem_5/build/ponderada_semana_2/build/lib/ponderada_semana_2
[3.360s] copying ponderada_semana_2/ponderada_2.py -> /home/murilo_prianti/Documents/GitHub/prova_sem_5/build/ponderada_semana_2/build/lib/ponderada_semana_2
[3.360s] copying ponderada_semana_2/__init__.py -> /home/murilo_prianti/Documents/GitHub/prova_sem_5/build/ponderada_semana_2/build/lib/ponderada_semana_2
[3.360s] running install
[3.361s] running install_lib
[3.362s] creating /home/murilo_prianti/Documents/GitHub/prova_sem_5/install/ponderada_semana_2/lib/python3.10/site-packages/ponderada_semana_2
[3.363s] copying /home/murilo_prianti/Documents/GitHub/prova_sem_5/build/ponderada_semana_2/build/lib/ponderada_semana_2/ponderada_2.py -> /home/murilo_prianti/Documents/GitHub/prova_sem_5/install/ponderada_semana_2/lib/python3.10/site-packages/ponderada_semana_2
[3.363s] copying /home/murilo_prianti/Documents/GitHub/prova_sem_5/build/ponderada_semana_2/build/lib/ponderada_semana_2/__init__.py -> /home/murilo_prianti/Documents/GitHub/prova_sem_5/install/ponderada_semana_2/lib/python3.10/site-packages/ponderada_semana_2
[3.363s] byte-compiling /home/murilo_prianti/Documents/GitHub/prova_sem_5/install/ponderada_semana_2/lib/python3.10/site-packages/ponderada_semana_2/ponderada_2.py to ponderada_2.cpython-310.pyc
[3.365s] byte-compiling /home/murilo_prianti/Documents/GitHub/prova_sem_5/install/ponderada_semana_2/lib/python3.10/site-packages/ponderada_semana_2/__init__.py to __init__.cpython-310.pyc
[3.365s] running install_data
[3.365s] creating /home/murilo_prianti/Documents/GitHub/prova_sem_5/install/ponderada_semana_2/share/ament_index
[3.365s] creating /home/murilo_prianti/Documents/GitHub/prova_sem_5/install/ponderada_semana_2/share/ament_index/resource_index
[3.365s] creating /home/murilo_prianti/Documents/GitHub/prova_sem_5/install/ponderada_semana_2/share/ament_index/resource_index/packages
[3.365s] copying resource/ponderada_semana_2 -> /home/murilo_prianti/Documents/GitHub/prova_sem_5/install/ponderada_semana_2/share/ament_index/resource_index/packages
[3.365s] copying package.xml -> /home/murilo_prianti/Documents/GitHub/prova_sem_5/install/ponderada_semana_2/share/ponderada_semana_2
[3.365s] running install_egg_info
[3.368s] Copying ../../../build/ponderada_semana_2/ponderada_semana_2.egg-info to /home/murilo_prianti/Documents/GitHub/prova_sem_5/install/ponderada_semana_2/lib/python3.10/site-packages/ponderada_semana_2-0.0.0-py3.10.egg-info
[3.369s] running install_scripts
[3.398s] Installing ponderada_2 script to /home/murilo_prianti/Documents/GitHub/prova_sem_5/install/ponderada_semana_2/lib/ponderada_semana_2
[3.406s] writing list of installed files to '/home/murilo_prianti/Documents/GitHub/prova_sem_5/build/ponderada_semana_2/install.log'
[3.479s] Invoked command in '/home/murilo_prianti/Documents/GitHub/prova_sem_5/meu_workspace/src/ponderada_semana_2' returned '0': PYTHONPATH=/home/murilo_prianti/Documents/GitHub/prova_sem_5/build/ponderada_semana_2/prefix_override:/home/murilo_prianti/Documents/GitHub/prova_sem_5/install/ponderada_semana_2/lib/python3.10/site-packages:${PYTHONPATH} /usr/bin/python3 -W ignore:setup.py install is deprecated setup.py egg_info --egg-base ../../../build/ponderada_semana_2 build --build-base /home/murilo_prianti/Documents/GitHub/prova_sem_5/build/ponderada_semana_2/build install --record /home/murilo_prianti/Documents/GitHub/prova_sem_5/build/ponderada_semana_2/install.log --single-version-externally-managed install_data
