[0.610s] Invoking command in '/home/murilo_prianti/Documents/GitHub/prova_sem_5/build/turtlesim': CMAKE_PREFIX_PATH=${CMAKE_PREFIX_PATH}:/opt/ros/humble /usr/bin/cmake --build /home/murilo_prianti/Documents/GitHub/prova_sem_5/build/turtlesim -- -j8 -l8
[0.649s] [35m[1mConsolidate compiler generated dependencies of target turtlesim__rosidl_generator_c[0m
[0.659s] [  4%] Built target turtlesim__cpp
[0.659s] [ 11%] Built target turtlesim__rosidl_generator_c
[0.674s] [35m[1mConsolidate compiler generated dependencies of target turtlesim__rosidl_typesupport_introspection_c[0m
[0.675s] [35m[1mConsolidate compiler generated dependencies of target turtlesim__rosidl_typesupport_fastrtps_c[0m
[0.676s] [35m[1mConsolidate compiler generated dependencies of target turtlesim__rosidl_typesupport_introspection_cpp[0m
[0.698s] [ 11%] Built target ament_cmake_python_copy_turtlesim
[0.709s] [35m[1mConsolidate compiler generated dependencies of target turtlesim__rosidl_typesupport_c[0m
[0.723s] [ 21%] Built target turtlesim__rosidl_typesupport_fastrtps_c
[0.723s] [ 31%] Built target turtlesim__rosidl_typesupport_introspection_cpp
[0.732s] [ 41%] Built target turtlesim__rosidl_typesupport_introspection_c
[0.742s] [ 51%] Built target turtlesim__rosidl_typesupport_c
[0.747s] [35m[1mConsolidate compiler generated dependencies of target turtlesim__rosidl_typesupport_fastrtps_cpp[0m
[0.781s] [35m[1mConsolidate compiler generated dependencies of target turtlesim__rosidl_typesupport_cpp[0m
[0.801s] [ 61%] Built target turtlesim__rosidl_typesupport_fastrtps_cpp
[0.846s] [ 71%] Built target turtlesim__rosidl_typesupport_cpp
[0.855s] [35m[1mConsolidate compiler generated dependencies of target turtlesim_node[0m
[0.870s] [35m[1mConsolidate compiler generated dependencies of target turtle_teleop_key[0m
[0.913s] [ 73%] Built target turtle_teleop_key
[0.922s] [35m[1mConsolidate compiler generated dependencies of target mimic[0m
[0.947s] [35m[1mConsolidate compiler generated dependencies of target draw_square[0m
[0.947s] [ 79%] Built target turtlesim_node
[0.953s] [ 79%] Built target turtlesim
[0.993s] [ 81%] Built target draw_square
[0.993s] [ 83%] Built target mimic
[1.005s] [ 84%] Built target turtlesim__py
[1.022s] [35m[1mConsolidate compiler generated dependencies of target turtlesim__rosidl_generator_py[0m
[1.064s] running egg_info
[1.065s] writing turtlesim.egg-info/PKG-INFO
[1.076s] [ 93%] Built target turtlesim__rosidl_generator_py
[1.098s] writing dependency_links to turtlesim.egg-info/dependency_links.txt
[1.098s] [35m[1mConsolidate compiler generated dependencies of target turtlesim__rosidl_typesupport_fastrtps_c__pyext[0m
[1.098s] [35m[1mConsolidate compiler generated dependencies of target turtlesim__rosidl_typesupport_c__pyext[0m
[1.098s] [35m[1mConsolidate compiler generated dependencies of target turtlesim__rosidl_typesupport_introspection_c__pyext[0m
[1.128s] writing top-level names to turtlesim.egg-info/top_level.txt
[1.144s] [ 95%] Built target turtlesim__rosidl_typesupport_fastrtps_c__pyext
[1.144s] [ 97%] Built target turtlesim__rosidl_typesupport_c__pyext
[1.147s] reading manifest file 'turtlesim.egg-info/SOURCES.txt'
[1.148s] writing manifest file 'turtlesim.egg-info/SOURCES.txt'
[1.155s] [100%] Built target turtlesim__rosidl_typesupport_introspection_c__pyext
[1.200s] [100%] Built target ament_cmake_python_build_turtlesim_egg
[1.220s] Invoked command in '/home/murilo_prianti/Documents/GitHub/prova_sem_5/build/turtlesim' returned '0': CMAKE_PREFIX_PATH=${CMAKE_PREFIX_PATH}:/opt/ros/humble /usr/bin/cmake --build /home/murilo_prianti/Documents/GitHub/prova_sem_5/build/turtlesim -- -j8 -l8
[1.485s] Invoking command in '/home/murilo_prianti/Documents/GitHub/prova_sem_5/build/turtlesim': CMAKE_PREFIX_PATH=${CMAKE_PREFIX_PATH}:/opt/ros/humble /usr/bin/cmake --install /home/murilo_prianti/Documents/GitHub/prova_sem_5/build/turtlesim
[1.494s] -- Install configuration: ""
[1.495s] -- Up-to-date: /home/murilo_prianti/Documents/GitHub/prova_sem_5/install/turtlesim/share/ament_index/resource_index/rosidl_interfaces/turtlesim
[1.495s] -- Up-to-date: /home/murilo_prianti/Documents/GitHub/prova_sem_5/install/turtlesim/include/turtlesim/turtlesim
[1.495s] -- Up-to-date: /home/murilo_prianti/Documents/GitHub/prova_sem_5/install/turtlesim/include/turtlesim/turtlesim/action
[1.495s] -- Up-to-date: /home/murilo_prianti/Documents/GitHub/prova_sem_5/install/turtlesim/include/turtlesim/turtlesim/action/detail
[1.495s] -- Up-to-date: /home/murilo_prianti/Documents/GitHub/prova_sem_5/install/turtlesim/include/turtlesim/turtlesim/action/detail/rotate_absolute__struct.h
[1.496s] -- Up-to-date: /home/murilo_prianti/Documents/GitHub/prova_sem_5/install/turtlesim/include/turtlesim/turtlesim/action/detail/rotate_absolute__functions.h
[1.496s] -- Up-to-date: /home/murilo_prianti/Documents/GitHub/prova_sem_5/install/turtlesim/include/turtlesim/turtlesim/action/detail/rotate_absolute__functions.c
[1.496s] -- Up-to-date: /home/murilo_prianti/Documents/GitHub/prova_sem_5/install/turtlesim/include/turtlesim/turtlesim/action/detail/rotate_absolute__type_support.h
[1.496s] -- Up-to-date: /home/murilo_prianti/Documents/GitHub/prova_sem_5/install/turtlesim/include/turtlesim/turtlesim/action/rotate_absolute.h
[1.496s] -- Up-to-date: /home/murilo_prianti/Documents/GitHub/prova_sem_5/install/turtlesim/include/turtlesim/turtlesim/msg
[1.496s] -- Up-to-date: /home/murilo_prianti/Documents/GitHub/prova_sem_5/install/turtlesim/include/turtlesim/turtlesim/msg/pose.h
[1.497s] -- Up-to-date: /home/murilo_prianti/Documents/GitHub/prova_sem_5/install/turtlesim/include/turtlesim/turtlesim/msg/rosidl_generator_c__visibility_control.h
[1.497s] -- Up-to-date: /home/murilo_prianti/Documents/GitHub/prova_sem_5/install/turtlesim/include/turtlesim/turtlesim/msg/color.h
[1.497s] -- Up-to-date: /home/murilo_prianti/Documents/GitHub/prova_sem_5/install/turtlesim/include/turtlesim/turtlesim/msg/detail
[1.498s] -- Up-to-date: /home/murilo_prianti/Documents/GitHub/prova_sem_5/install/turtlesim/include/turtlesim/turtlesim/msg/detail/pose__functions.c
[1.499s] -- Up-to-date: /home/murilo_prianti/Documents/GitHub/prova_sem_5/install/turtlesim/include/turtlesim/turtlesim/msg/detail/pose__struct.h
[1.500s] -- Up-to-date: /home/murilo_prianti/Documents/GitHub/prova_sem_5/install/turtlesim/include/turtlesim/turtlesim/msg/detail/pose__functions.h
[1.500s] -- Up-to-date: /home/murilo_prianti/Documents/GitHub/prova_sem_5/install/turtlesim/include/turtlesim/turtlesim/msg/detail/color__type_support.h
[1.501s] -- Up-to-date: /home/murilo_prianti/Documents/GitHub/prova_sem_5/install/turtlesim/include/turtlesim/turtlesim/msg/detail/color__functions.h
[1.501s] -- Up-to-date: /home/murilo_prianti/Documents/GitHub/prova_sem_5/install/turtlesim/include/turtlesim/turtlesim/msg/detail/color__functions.c
[1.501s] -- Up-to-date: /home/murilo_prianti/Documents/GitHub/prova_sem_5/install/turtlesim/include/turtlesim/turtlesim/msg/detail/pose__type_support.h
[1.502s] -- Up-to-date: /home/murilo_prianti/Documents/GitHub/prova_sem_5/install/turtlesim/include/turtlesim/turtlesim/msg/detail/color__struct.h
[1.502s] -- Up-to-date: /home/murilo_prianti/Documents/GitHub/prova_sem_5/install/turtlesim/include/turtlesim/turtlesim/srv
[1.503s] -- Up-to-date: /home/murilo_prianti/Documents/GitHub/prova_sem_5/install/turtlesim/include/turtlesim/turtlesim/srv/teleport_relative.h
[1.503s] -- Up-to-date: /home/murilo_prianti/Documents/GitHub/prova_sem_5/install/turtlesim/include/turtlesim/turtlesim/srv/detail
[1.503s] -- Up-to-date: /home/murilo_prianti/Documents/GitHub/prova_sem_5/install/turtlesim/include/turtlesim/turtlesim/srv/detail/teleport_relative__struct.h
[1.503s] -- Up-to-date: /home/murilo_prianti/Documents/GitHub/prova_sem_5/install/turtlesim/include/turtlesim/turtlesim/srv/detail/teleport_relative__type_support.h
[1.503s] -- Up-to-date: /home/murilo_prianti/Documents/GitHub/prova_sem_5/install/turtlesim/include/turtlesim/turtlesim/srv/detail/kill__type_support.h
[1.503s] -- Up-to-date: /home/murilo_prianti/Documents/GitHub/prova_sem_5/install/turtlesim/include/turtlesim/turtlesim/srv/detail/kill__struct.h
[1.503s] -- Up-to-date: /home/murilo_prianti/Documents/GitHub/prova_sem_5/install/turtlesim/include/turtlesim/turtlesim/srv/detail/spawn__functions.h
[1.503s] -- Up-to-date: /home/murilo_prianti/Documents/GitHub/prova_sem_5/install/turtlesim/include/turtlesim/turtlesim/srv/detail/spawn__functions.c
[1.503s] -- Up-to-date: /home/murilo_prianti/Documents/GitHub/prova_sem_5/install/turtlesim/include/turtlesim/turtlesim/srv/detail/spawn__type_support.h
[1.504s] -- Up-to-date: /home/murilo_prianti/Documents/GitHub/prova_sem_5/install/turtlesim/include/turtlesim/turtlesim/srv/detail/kill__functions.h
[1.504s] -- Up-to-date: /home/murilo_prianti/Documents/GitHub/prova_sem_5/install/turtlesim/include/turtlesim/turtlesim/srv/detail/teleport_absolute__type_support.h
[1.505s] -- Up-to-date: /home/murilo_prianti/Documents/GitHub/prova_sem_5/install/turtlesim/include/turtlesim/turtlesim/srv/detail/teleport_absolute__functions.c
[1.505s] -- Up-to-date: /home/murilo_prianti/Documents/GitHub/prova_sem_5/install/turtlesim/include/turtlesim/turtlesim/srv/detail/set_pen__type_support.h
[1.506s] -- Up-to-date: /home/murilo_prianti/Documents/GitHub/prova_sem_5/install/turtlesim/include/turtlesim/turtlesim/srv/detail/teleport_relative__functions.c
[1.506s] -- Up-to-date: /home/murilo_prianti/Documents/GitHub/prova_sem_5/install/turtlesim/include/turtlesim/turtlesim/srv/detail/set_pen__functions.h
[1.506s] -- Up-to-date: /home/murilo_prianti/Documents/GitHub/prova_sem_5/install/turtlesim/include/turtlesim/turtlesim/srv/detail/set_pen__functions.c
[1.506s] -- Up-to-date: /home/murilo_prianti/Documents/GitHub/prova_sem_5/install/turtlesim/include/turtlesim/turtlesim/srv/detail/teleport_relative__functions.h
[1.506s] -- Up-to-date: /home/murilo_prianti/Documents/GitHub/prova_sem_5/install/turtlesim/include/turtlesim/turtlesim/srv/detail/kill__functions.c
[1.506s] -- Up-to-date: /home/murilo_prianti/Documents/GitHub/prova_sem_5/install/turtlesim/include/turtlesim/turtlesim/srv/detail/set_pen__struct.h
[1.506s] -- Up-to-date: /home/murilo_prianti/Documents/GitHub/prova_sem_5/install/turtlesim/include/turtlesim/turtlesim/srv/detail/spawn__struct.h
[1.507s] -- Up-to-date: /home/murilo_prianti/Documents/GitHub/prova_sem_5/install/turtlesim/include/turtlesim/turtlesim/srv/detail/teleport_absolute__struct.h
[1.507s] -- Up-to-date: /home/murilo_prianti/Documents/GitHub/prova_sem_5/install/turtlesim/include/turtlesim/turtlesim/srv/detail/teleport_absolute__functions.h
[1.507s] -- Up-to-date: /home/murilo_prianti/Documents/GitHub/prova_sem_5/install/turtlesim/include/turtlesim/turtlesim/srv/kill.h
[1.507s] -- Up-to-date: /home/murilo_prianti/Documents/GitHub/prova_sem_5/install/turtlesim/include/turtlesim/turtlesim/srv/teleport_absolute.h
[1.507s] -- Up-to-date: /home/murilo_prianti/Documents/GitHub/prova_sem_5/install/turtlesim/include/turtlesim/turtlesim/srv/set_pen.h
[1.507s] -- Up-to-date: /home/murilo_prianti/Documents/GitHub/prova_sem_5/install/turtlesim/include/turtlesim/turtlesim/srv/spawn.h
[1.508s] -- Up-to-date: /home/murilo_prianti/Documents/GitHub/prova_sem_5/install/turtlesim/share/turtlesim/environment/library_path.sh
[1.508s] -- Up-to-date: /home/murilo_prianti/Documents/GitHub/prova_sem_5/install/turtlesim/share/turtlesim/environment/library_path.dsv
[1.508s] -- Up-to-date: /home/murilo_prianti/Documents/GitHub/prova_sem_5/install/turtlesim/lib/libturtlesim__rosidl_generator_c.so
[1.508s] -- Up-to-date: /home/murilo_prianti/Documents/GitHub/prova_sem_5/install/turtlesim/include/turtlesim/turtlesim
[1.509s] -- Up-to-date: /home/murilo_prianti/Documents/GitHub/prova_sem_5/install/turtlesim/include/turtlesim/turtlesim/action
[1.509s] -- Up-to-date: /home/murilo_prianti/Documents/GitHub/prova_sem_5/install/turtlesim/include/turtlesim/turtlesim/action/detail
[1.509s] -- Up-to-date: /home/murilo_prianti/Documents/GitHub/prova_sem_5/install/turtlesim/include/turtlesim/turtlesim/action/detail/rotate_absolute__rosidl_typesupport_fastrtps_c.h
[1.509s] -- Up-to-date: /home/murilo_prianti/Documents/GitHub/prova_sem_5/install/turtlesim/include/turtlesim/turtlesim/msg
[1.510s] -- Up-to-date: /home/murilo_prianti/Documents/GitHub/prova_sem_5/install/turtlesim/include/turtlesim/turtlesim/msg/rosidl_typesupport_fastrtps_c__visibility_control.h
[1.510s] -- Up-to-date: /home/murilo_prianti/Documents/GitHub/prova_sem_5/install/turtlesim/include/turtlesim/turtlesim/msg/detail
[1.510s] -- Up-to-date: /home/murilo_prianti/Documents/GitHub/prova_sem_5/install/turtlesim/include/turtlesim/turtlesim/msg/detail/color__rosidl_typesupport_fastrtps_c.h
[1.510s] -- Up-to-date: /home/murilo_prianti/Documents/GitHub/prova_sem_5/install/turtlesim/include/turtlesim/turtlesim/msg/detail/pose__rosidl_typesupport_fastrtps_c.h
[1.510s] -- Up-to-date: /home/murilo_prianti/Documents/GitHub/prova_sem_5/install/turtlesim/include/turtlesim/turtlesim/srv
[1.510s] -- Up-to-date: /home/murilo_prianti/Documents/GitHub/prova_sem_5/install/turtlesim/include/turtlesim/turtlesim/srv/detail
[1.510s] -- Up-to-date: /home/murilo_prianti/Documents/GitHub/prova_sem_5/install/turtlesim/include/turtlesim/turtlesim/srv/detail/teleport_relative__rosidl_typesupport_fastrtps_c.h
[1.510s] -- Up-to-date: /home/murilo_prianti/Documents/GitHub/prova_sem_5/install/turtlesim/include/turtlesim/turtlesim/srv/detail/set_pen__rosidl_typesupport_fastrtps_c.h
[1.511s] -- Up-to-date: /home/murilo_prianti/Documents/GitHub/prova_sem_5/install/turtlesim/include/turtlesim/turtlesim/srv/detail/teleport_absolute__rosidl_typesupport_fastrtps_c.h
[1.511s] -- Up-to-date: /home/murilo_prianti/Documents/GitHub/prova_sem_5/install/turtlesim/include/turtlesim/turtlesim/srv/detail/kill__rosidl_typesupport_fastrtps_c.h
[1.511s] -- Up-to-date: /home/murilo_prianti/Documents/GitHub/prova_sem_5/install/turtlesim/include/turtlesim/turtlesim/srv/detail/spawn__rosidl_typesupport_fastrtps_c.h
[1.511s] -- Up-to-date: /home/murilo_prianti/Documents/GitHub/prova_sem_5/install/turtlesim/lib/libturtlesim__rosidl_typesupport_fastrtps_c.so
[1.511s] -- Up-to-date: /home/murilo_prianti/Documents/GitHub/prova_sem_5/install/turtlesim/include/turtlesim/turtlesim
[1.511s] -- Up-to-date: /home/murilo_prianti/Documents/GitHub/prova_sem_5/install/turtlesim/include/turtlesim/turtlesim/action
[1.511s] -- Up-to-date: /home/murilo_prianti/Documents/GitHub/prova_sem_5/install/turtlesim/include/turtlesim/turtlesim/action/rotate_absolute.hpp
[1.511s] -- Up-to-date: /home/murilo_prianti/Documents/GitHub/prova_sem_5/install/turtlesim/include/turtlesim/turtlesim/action/detail
[1.511s] -- Up-to-date: /home/murilo_prianti/Documents/GitHub/prova_sem_5/install/turtlesim/include/turtlesim/turtlesim/action/detail/rotate_absolute__builder.hpp
[1.511s] -- Up-to-date: /home/murilo_prianti/Documents/GitHub/prova_sem_5/install/turtlesim/include/turtlesim/turtlesim/action/detail/rotate_absolute__traits.hpp
[1.511s] -- Up-to-date: /home/murilo_prianti/Documents/GitHub/prova_sem_5/install/turtlesim/include/turtlesim/turtlesim/action/detail/rotate_absolute__struct.hpp
[1.511s] -- Up-to-date: /home/murilo_prianti/Documents/GitHub/prova_sem_5/install/turtlesim/include/turtlesim/turtlesim/msg
[1.511s] -- Up-to-date: /home/murilo_prianti/Documents/GitHub/prova_sem_5/install/turtlesim/include/turtlesim/turtlesim/msg/detail
[1.511s] -- Up-to-date: /home/murilo_prianti/Documents/GitHub/prova_sem_5/install/turtlesim/include/turtlesim/turtlesim/msg/detail/color__builder.hpp
[1.512s] -- Up-to-date: /home/murilo_prianti/Documents/GitHub/prova_sem_5/install/turtlesim/include/turtlesim/turtlesim/msg/detail/color__traits.hpp
[1.512s] -- Up-to-date: /home/murilo_prianti/Documents/GitHub/prova_sem_5/install/turtlesim/include/turtlesim/turtlesim/msg/detail/pose__struct.hpp
[1.512s] -- Up-to-date: /home/murilo_prianti/Documents/GitHub/prova_sem_5/install/turtlesim/include/turtlesim/turtlesim/msg/detail/pose__traits.hpp
[1.512s] -- Up-to-date: /home/murilo_prianti/Documents/GitHub/prova_sem_5/install/turtlesim/include/turtlesim/turtlesim/msg/detail/pose__builder.hpp
[1.512s] -- Up-to-date: /home/murilo_prianti/Documents/GitHub/prova_sem_5/install/turtlesim/include/turtlesim/turtlesim/msg/detail/color__struct.hpp
[1.512s] -- Up-to-date: /home/murilo_prianti/Documents/GitHub/prova_sem_5/install/turtlesim/include/turtlesim/turtlesim/msg/pose.hpp
[1.512s] -- Up-to-date: /home/murilo_prianti/Documents/GitHub/prova_sem_5/install/turtlesim/include/turtlesim/turtlesim/msg/color.hpp
[1.512s] -- Up-to-date: /home/murilo_prianti/Documents/GitHub/prova_sem_5/install/turtlesim/include/turtlesim/turtlesim/srv
[1.512s] -- Up-to-date: /home/murilo_prianti/Documents/GitHub/prova_sem_5/install/turtlesim/include/turtlesim/turtlesim/srv/detail
[1.512s] -- Up-to-date: /home/murilo_prianti/Documents/GitHub/prova_sem_5/install/turtlesim/include/turtlesim/turtlesim/srv/detail/spawn__traits.hpp
[1.512s] -- Up-to-date: /home/murilo_prianti/Documents/GitHub/prova_sem_5/install/turtlesim/include/turtlesim/turtlesim/srv/detail/set_pen__struct.hpp
[1.512s] -- Up-to-date: /home/murilo_prianti/Documents/GitHub/prova_sem_5/install/turtlesim/include/turtlesim/turtlesim/srv/detail/teleport_relative__traits.hpp
[1.512s] -- Up-to-date: /home/murilo_prianti/Documents/GitHub/prova_sem_5/install/turtlesim/include/turtlesim/turtlesim/srv/detail/set_pen__traits.hpp
[1.512s] -- Up-to-date: /home/murilo_prianti/Documents/GitHub/prova_sem_5/install/turtlesim/include/turtlesim/turtlesim/srv/detail/kill__builder.hpp
[1.512s] -- Up-to-date: /home/murilo_prianti/Documents/GitHub/prova_sem_5/install/turtlesim/include/turtlesim/turtlesim/srv/detail/teleport_relative__builder.hpp
[1.512s] -- Up-to-date: /home/murilo_prianti/Documents/GitHub/prova_sem_5/install/turtlesim/include/turtlesim/turtlesim/srv/detail/spawn__struct.hpp
[1.512s] -- Up-to-date: /home/murilo_prianti/Documents/GitHub/prova_sem_5/install/turtlesim/include/turtlesim/turtlesim/srv/detail/spawn__builder.hpp
[1.512s] -- Up-to-date: /home/murilo_prianti/Documents/GitHub/prova_sem_5/install/turtlesim/include/turtlesim/turtlesim/srv/detail/teleport_absolute__builder.hpp
[1.513s] -- Up-to-date: /home/murilo_prianti/Documents/GitHub/prova_sem_5/install/turtlesim/include/turtlesim/turtlesim/srv/detail/teleport_absolute__traits.hpp
[1.513s] -- Up-to-date: /home/murilo_prianti/Documents/GitHub/prova_sem_5/install/turtlesim/include/turtlesim/turtlesim/srv/detail/set_pen__builder.hpp
[1.513s] -- Up-to-date: /home/murilo_prianti/Documents/GitHub/prova_sem_5/install/turtlesim/include/turtlesim/turtlesim/srv/detail/teleport_relative__struct.hpp
[1.513s] -- Up-to-date: /home/murilo_prianti/Documents/GitHub/prova_sem_5/install/turtlesim/include/turtlesim/turtlesim/srv/detail/kill__traits.hpp
[1.513s] -- Up-to-date: /home/murilo_prianti/Documents/GitHub/prova_sem_5/install/turtlesim/include/turtlesim/turtlesim/srv/detail/teleport_absolute__struct.hpp
[1.513s] -- Up-to-date: /home/murilo_prianti/Documents/GitHub/prova_sem_5/install/turtlesim/include/turtlesim/turtlesim/srv/detail/kill__struct.hpp
[1.513s] -- Up-to-date: /home/murilo_prianti/Documents/GitHub/prova_sem_5/install/turtlesim/include/turtlesim/turtlesim/srv/teleport_relative.hpp
[1.513s] -- Up-to-date: /home/murilo_prianti/Documents/GitHub/prova_sem_5/install/turtlesim/include/turtlesim/turtlesim/srv/kill.hpp
[1.513s] -- Up-to-date: /home/murilo_prianti/Documents/GitHub/prova_sem_5/install/turtlesim/include/turtlesim/turtlesim/srv/teleport_absolute.hpp
[1.513s] -- Up-to-date: /home/murilo_prianti/Documents/GitHub/prova_sem_5/install/turtlesim/include/turtlesim/turtlesim/srv/set_pen.hpp
[1.513s] -- Up-to-date: /home/murilo_prianti/Documents/GitHub/prova_sem_5/install/turtlesim/include/turtlesim/turtlesim/srv/spawn.hpp
[1.513s] -- Up-to-date: /home/murilo_prianti/Documents/GitHub/prova_sem_5/install/turtlesim/include/turtlesim/turtlesim
[1.513s] -- Up-to-date: /home/murilo_prianti/Documents/GitHub/prova_sem_5/install/turtlesim/include/turtlesim/turtlesim/action
[1.513s] -- Up-to-date: /home/murilo_prianti/Documents/GitHub/prova_sem_5/install/turtlesim/include/turtlesim/turtlesim/action/detail
[1.513s] -- Up-to-date: /home/murilo_prianti/Documents/GitHub/prova_sem_5/install/turtlesim/include/turtlesim/turtlesim/action/detail/dds_fastrtps
[1.513s] -- Up-to-date: /home/murilo_prianti/Documents/GitHub/prova_sem_5/install/turtlesim/include/turtlesim/turtlesim/action/detail/rotate_absolute__rosidl_typesupport_fastrtps_cpp.hpp
[1.513s] -- Up-to-date: /home/murilo_prianti/Documents/GitHub/prova_sem_5/install/turtlesim/include/turtlesim/turtlesim/msg
[1.513s] -- Up-to-date: /home/murilo_prianti/Documents/GitHub/prova_sem_5/install/turtlesim/include/turtlesim/turtlesim/msg/rosidl_typesupport_fastrtps_cpp__visibility_control.h
[1.514s] -- Up-to-date: /home/murilo_prianti/Documents/GitHub/prova_sem_5/install/turtlesim/include/turtlesim/turtlesim/msg/detail
[1.514s] -- Up-to-date: /home/murilo_prianti/Documents/GitHub/prova_sem_5/install/turtlesim/include/turtlesim/turtlesim/msg/detail/dds_fastrtps
[1.514s] -- Up-to-date: /home/murilo_prianti/Documents/GitHub/prova_sem_5/install/turtlesim/include/turtlesim/turtlesim/msg/detail/pose__rosidl_typesupport_fastrtps_cpp.hpp
[1.514s] -- Up-to-date: /home/murilo_prianti/Documents/GitHub/prova_sem_5/install/turtlesim/include/turtlesim/turtlesim/msg/detail/color__rosidl_typesupport_fastrtps_cpp.hpp
[1.514s] -- Up-to-date: /home/murilo_prianti/Documents/GitHub/prova_sem_5/install/turtlesim/include/turtlesim/turtlesim/srv
[1.514s] -- Up-to-date: /home/murilo_prianti/Documents/GitHub/prova_sem_5/install/turtlesim/include/turtlesim/turtlesim/srv/detail
[1.514s] -- Up-to-date: /home/murilo_prianti/Documents/GitHub/prova_sem_5/install/turtlesim/include/turtlesim/turtlesim/srv/detail/dds_fastrtps
[1.514s] -- Up-to-date: /home/murilo_prianti/Documents/GitHub/prova_sem_5/install/turtlesim/include/turtlesim/turtlesim/srv/detail/teleport_absolute__rosidl_typesupport_fastrtps_cpp.hpp
[1.514s] -- Up-to-date: /home/murilo_prianti/Documents/GitHub/prova_sem_5/install/turtlesim/include/turtlesim/turtlesim/srv/detail/spawn__rosidl_typesupport_fastrtps_cpp.hpp
[1.514s] -- Up-to-date: /home/murilo_prianti/Documents/GitHub/prova_sem_5/install/turtlesim/include/turtlesim/turtlesim/srv/detail/set_pen__rosidl_typesupport_fastrtps_cpp.hpp
[1.514s] -- Up-to-date: /home/murilo_prianti/Documents/GitHub/prova_sem_5/install/turtlesim/include/turtlesim/turtlesim/srv/detail/teleport_relative__rosidl_typesupport_fastrtps_cpp.hpp
[1.515s] -- Up-to-date: /home/murilo_prianti/Documents/GitHub/prova_sem_5/install/turtlesim/include/turtlesim/turtlesim/srv/detail/kill__rosidl_typesupport_fastrtps_cpp.hpp
[1.516s] -- Up-to-date: /home/murilo_prianti/Documents/GitHub/prova_sem_5/install/turtlesim/lib/libturtlesim__rosidl_typesupport_fastrtps_cpp.so
[1.517s] -- Up-to-date: /home/murilo_prianti/Documents/GitHub/prova_sem_5/install/turtlesim/include/turtlesim/turtlesim
[1.517s] -- Up-to-date: /home/murilo_prianti/Documents/GitHub/prova_sem_5/install/turtlesim/include/turtlesim/turtlesim/action
[1.517s] -- Up-to-date: /home/murilo_prianti/Documents/GitHub/prova_sem_5/install/turtlesim/include/turtlesim/turtlesim/action/detail
[1.517s] -- Up-to-date: /home/murilo_prianti/Documents/GitHub/prova_sem_5/install/turtlesim/include/turtlesim/turtlesim/action/detail/rotate_absolute__rosidl_typesupport_introspection_c.h
[1.517s] -- Up-to-date: /home/murilo_prianti/Documents/GitHub/prova_sem_5/install/turtlesim/include/turtlesim/turtlesim/action/detail/rotate_absolute__type_support.c
[1.517s] -- Up-to-date: /home/murilo_prianti/Documents/GitHub/prova_sem_5/install/turtlesim/include/turtlesim/turtlesim/msg
[1.517s] -- Up-to-date: /home/murilo_prianti/Documents/GitHub/prova_sem_5/install/turtlesim/include/turtlesim/turtlesim/msg/detail
[1.518s] -- Up-to-date: /home/murilo_prianti/Documents/GitHub/prova_sem_5/install/turtlesim/include/turtlesim/turtlesim/msg/detail/pose__rosidl_typesupport_introspection_c.h
[1.518s] -- Up-to-date: /home/murilo_prianti/Documents/GitHub/prova_sem_5/install/turtlesim/include/turtlesim/turtlesim/msg/detail/pose__type_support.c
[1.518s] -- Up-to-date: /home/murilo_prianti/Documents/GitHub/prova_sem_5/install/turtlesim/include/turtlesim/turtlesim/msg/detail/color__type_support.c
[1.518s] -- Up-to-date: /home/murilo_prianti/Documents/GitHub/prova_sem_5/install/turtlesim/include/turtlesim/turtlesim/msg/detail/color__rosidl_typesupport_introspection_c.h
[1.518s] -- Up-to-date: /home/murilo_prianti/Documents/GitHub/prova_sem_5/install/turtlesim/include/turtlesim/turtlesim/msg/rosidl_typesupport_introspection_c__visibility_control.h
[1.518s] -- Up-to-date: /home/murilo_prianti/Documents/GitHub/prova_sem_5/install/turtlesim/include/turtlesim/turtlesim/srv
[1.518s] -- Up-to-date: /home/murilo_prianti/Documents/GitHub/prova_sem_5/install/turtlesim/include/turtlesim/turtlesim/srv/detail
[1.519s] -- Up-to-date: /home/murilo_prianti/Documents/GitHub/prova_sem_5/install/turtlesim/include/turtlesim/turtlesim/srv/detail/teleport_relative__rosidl_typesupport_introspection_c.h
[1.519s] -- Up-to-date: /home/murilo_prianti/Documents/GitHub/prova_sem_5/install/turtlesim/include/turtlesim/turtlesim/srv/detail/teleport_relative__type_support.c
[1.519s] -- Up-to-date: /home/murilo_prianti/Documents/GitHub/prova_sem_5/install/turtlesim/include/turtlesim/turtlesim/srv/detail/teleport_absolute__rosidl_typesupport_introspection_c.h
[1.519s] -- Up-to-date: /home/murilo_prianti/Documents/GitHub/prova_sem_5/install/turtlesim/include/turtlesim/turtlesim/srv/detail/set_pen__rosidl_typesupport_introspection_c.h
[1.519s] -- Up-to-date: /home/murilo_prianti/Documents/GitHub/prova_sem_5/install/turtlesim/include/turtlesim/turtlesim/srv/detail/spawn__type_support.c
[1.519s] -- Up-to-date: /home/murilo_prianti/Documents/GitHub/prova_sem_5/install/turtlesim/include/turtlesim/turtlesim/srv/detail/kill__rosidl_typesupport_introspection_c.h
[1.520s] -- Up-to-date: /home/murilo_prianti/Documents/GitHub/prova_sem_5/install/turtlesim/include/turtlesim/turtlesim/srv/detail/kill__type_support.c
[1.520s] -- Up-to-date: /home/murilo_prianti/Documents/GitHub/prova_sem_5/install/turtlesim/include/turtlesim/turtlesim/srv/detail/spawn__rosidl_typesupport_introspection_c.h
[1.521s] -- Up-to-date: /home/murilo_prianti/Documents/GitHub/prova_sem_5/install/turtlesim/include/turtlesim/turtlesim/srv/detail/teleport_absolute__type_support.c
[1.521s] -- Up-to-date: /home/murilo_prianti/Documents/GitHub/prova_sem_5/install/turtlesim/include/turtlesim/turtlesim/srv/detail/set_pen__type_support.c
[1.521s] -- Up-to-date: /home/murilo_prianti/Documents/GitHub/prova_sem_5/install/turtlesim/lib/libturtlesim__rosidl_typesupport_introspection_c.so
[1.522s] -- Up-to-date: /home/murilo_prianti/Documents/GitHub/prova_sem_5/install/turtlesim/lib/libturtlesim__rosidl_typesupport_c.so
[1.522s] -- Up-to-date: /home/murilo_prianti/Documents/GitHub/prova_sem_5/install/turtlesim/include/turtlesim/turtlesim
[1.522s] -- Up-to-date: /home/murilo_prianti/Documents/GitHub/prova_sem_5/install/turtlesim/include/turtlesim/turtlesim/action
[1.522s] -- Up-to-date: /home/murilo_prianti/Documents/GitHub/prova_sem_5/install/turtlesim/include/turtlesim/turtlesim/action/detail
[1.522s] -- Up-to-date: /home/murilo_prianti/Documents/GitHub/prova_sem_5/install/turtlesim/include/turtlesim/turtlesim/action/detail/rotate_absolute__rosidl_typesupport_introspection_cpp.hpp
[1.522s] -- Up-to-date: /home/murilo_prianti/Documents/GitHub/prova_sem_5/install/turtlesim/include/turtlesim/turtlesim/action/detail/rotate_absolute__type_support.cpp
[1.523s] -- Up-to-date: /home/murilo_prianti/Documents/GitHub/prova_sem_5/install/turtlesim/include/turtlesim/turtlesim/msg
[1.523s] -- Up-to-date: /home/murilo_prianti/Documents/GitHub/prova_sem_5/install/turtlesim/include/turtlesim/turtlesim/msg/detail
[1.523s] -- Up-to-date: /home/murilo_prianti/Documents/GitHub/prova_sem_5/install/turtlesim/include/turtlesim/turtlesim/msg/detail/color__type_support.cpp
[1.523s] -- Up-to-date: /home/murilo_prianti/Documents/GitHub/prova_sem_5/install/turtlesim/include/turtlesim/turtlesim/msg/detail/pose__type_support.cpp
[1.523s] -- Up-to-date: /home/murilo_prianti/Documents/GitHub/prova_sem_5/install/turtlesim/include/turtlesim/turtlesim/msg/detail/pose__rosidl_typesupport_introspection_cpp.hpp
[1.523s] -- Up-to-date: /home/murilo_prianti/Documents/GitHub/prova_sem_5/install/turtlesim/include/turtlesim/turtlesim/msg/detail/color__rosidl_typesupport_introspection_cpp.hpp
[1.523s] -- Up-to-date: /home/murilo_prianti/Documents/GitHub/prova_sem_5/install/turtlesim/include/turtlesim/turtlesim/srv
[1.523s] -- Up-to-date: /home/murilo_prianti/Documents/GitHub/prova_sem_5/install/turtlesim/include/turtlesim/turtlesim/srv/detail
[1.524s] -- Up-to-date: /home/murilo_prianti/Documents/GitHub/prova_sem_5/install/turtlesim/include/turtlesim/turtlesim/srv/detail/kill__rosidl_typesupport_introspection_cpp.hpp
[1.524s] -- Up-to-date: /home/murilo_prianti/Documents/GitHub/prova_sem_5/install/turtlesim/include/turtlesim/turtlesim/srv/detail/teleport_relative__rosidl_typesupport_introspection_cpp.hpp
[1.524s] -- Up-to-date: /home/murilo_prianti/Documents/GitHub/prova_sem_5/install/turtlesim/include/turtlesim/turtlesim/srv/detail/spawn__type_support.cpp
[1.524s] -- Up-to-date: /home/murilo_prianti/Documents/GitHub/prova_sem_5/install/turtlesim/include/turtlesim/turtlesim/srv/detail/teleport_absolute__rosidl_typesupport_introspection_cpp.hpp
[1.524s] -- Up-to-date: /home/murilo_prianti/Documents/GitHub/prova_sem_5/install/turtlesim/include/turtlesim/turtlesim/srv/detail/kill__type_support.cpp
[1.524s] -- Up-to-date: /home/murilo_prianti/Documents/GitHub/prova_sem_5/install/turtlesim/include/turtlesim/turtlesim/srv/detail/set_pen__type_support.cpp
[1.524s] -- Up-to-date: /home/murilo_prianti/Documents/GitHub/prova_sem_5/install/turtlesim/include/turtlesim/turtlesim/srv/detail/spawn__rosidl_typesupport_introspection_cpp.hpp
[1.525s] -- Up-to-date: /home/murilo_prianti/Documents/GitHub/prova_sem_5/install/turtlesim/include/turtlesim/turtlesim/srv/detail/teleport_relative__type_support.cpp
[1.525s] -- Up-to-date: /home/murilo_prianti/Documents/GitHub/prova_sem_5/install/turtlesim/include/turtlesim/turtlesim/srv/detail/teleport_absolute__type_support.cpp
[1.525s] -- Up-to-date: /home/murilo_prianti/Documents/GitHub/prova_sem_5/install/turtlesim/include/turtlesim/turtlesim/srv/detail/set_pen__rosidl_typesupport_introspection_cpp.hpp
[1.525s] -- Up-to-date: /home/murilo_prianti/Documents/GitHub/prova_sem_5/install/turtlesim/lib/libturtlesim__rosidl_typesupport_introspection_cpp.so
[1.525s] -- Up-to-date: /home/murilo_prianti/Documents/GitHub/prova_sem_5/install/turtlesim/lib/libturtlesim__rosidl_typesupport_cpp.so
[1.525s] -- Up-to-date: /home/murilo_prianti/Documents/GitHub/prova_sem_5/install/turtlesim/share/turtlesim/environment/pythonpath.sh
[1.525s] -- Up-to-date: /home/murilo_prianti/Documents/GitHub/prova_sem_5/install/turtlesim/share/turtlesim/environment/pythonpath.dsv
[1.525s] -- Up-to-date: /home/murilo_prianti/Documents/GitHub/prova_sem_5/install/turtlesim/local/lib/python3.10/dist-packages/turtlesim-1.4.2-py3.10.egg-info
[1.525s] -- Installing: /home/murilo_prianti/Documents/GitHub/prova_sem_5/install/turtlesim/local/lib/python3.10/dist-packages/turtlesim-1.4.2-py3.10.egg-info/top_level.txt
[1.525s] -- Installing: /home/murilo_prianti/Documents/GitHub/prova_sem_5/install/turtlesim/local/lib/python3.10/dist-packages/turtlesim-1.4.2-py3.10.egg-info/PKG-INFO
[1.525s] -- Installing: /home/murilo_prianti/Documents/GitHub/prova_sem_5/install/turtlesim/local/lib/python3.10/dist-packages/turtlesim-1.4.2-py3.10.egg-info/SOURCES.txt
[1.525s] -- Installing: /home/murilo_prianti/Documents/GitHub/prova_sem_5/install/turtlesim/local/lib/python3.10/dist-packages/turtlesim-1.4.2-py3.10.egg-info/dependency_links.txt
[1.525s] -- Up-to-date: /home/murilo_prianti/Documents/GitHub/prova_sem_5/install/turtlesim/local/lib/python3.10/dist-packages/turtlesim
[1.526s] -- Up-to-date: /home/murilo_prianti/Documents/GitHub/prova_sem_5/install/turtlesim/local/lib/python3.10/dist-packages/turtlesim/turtlesim_s__rosidl_typesupport_introspection_c.cpython-310-x86_64-linux-gnu.so
[1.526s] -- Up-to-date: /home/murilo_prianti/Documents/GitHub/prova_sem_5/install/turtlesim/local/lib/python3.10/dist-packages/turtlesim/turtlesim_s__rosidl_typesupport_fastrtps_c.cpython-310-x86_64-linux-gnu.so
[1.526s] -- Up-to-date: /home/murilo_prianti/Documents/GitHub/prova_sem_5/install/turtlesim/local/lib/python3.10/dist-packages/turtlesim/turtlesim_s__rosidl_typesupport_c.cpython-310-x86_64-linux-gnu.so
[1.527s] -- Up-to-date: /home/murilo_prianti/Documents/GitHub/prova_sem_5/install/turtlesim/local/lib/python3.10/dist-packages/turtlesim/action
[1.527s] -- Up-to-date: /home/murilo_prianti/Documents/GitHub/prova_sem_5/install/turtlesim/local/lib/python3.10/dist-packages/turtlesim/action/_rotate_absolute.py
[1.527s] -- Up-to-date: /home/murilo_prianti/Documents/GitHub/prova_sem_5/install/turtlesim/local/lib/python3.10/dist-packages/turtlesim/action/__init__.py
[1.528s] -- Up-to-date: /home/murilo_prianti/Documents/GitHub/prova_sem_5/install/turtlesim/local/lib/python3.10/dist-packages/turtlesim/action/_rotate_absolute_s.c
[1.528s] -- Up-to-date: /home/murilo_prianti/Documents/GitHub/prova_sem_5/install/turtlesim/local/lib/python3.10/dist-packages/turtlesim/_turtlesim_s.ep.rosidl_typesupport_fastrtps_c.c
[1.528s] -- Up-to-date: /home/murilo_prianti/Documents/GitHub/prova_sem_5/install/turtlesim/local/lib/python3.10/dist-packages/turtlesim/__init__.py
[1.528s] -- Up-to-date: /home/murilo_prianti/Documents/GitHub/prova_sem_5/install/turtlesim/local/lib/python3.10/dist-packages/turtlesim/_turtlesim_s.ep.rosidl_typesupport_introspection_c.c
[1.528s] -- Up-to-date: /home/murilo_prianti/Documents/GitHub/prova_sem_5/install/turtlesim/local/lib/python3.10/dist-packages/turtlesim/_turtlesim_s.ep.rosidl_typesupport_c.c
[1.528s] -- Up-to-date: /home/murilo_prianti/Documents/GitHub/prova_sem_5/install/turtlesim/local/lib/python3.10/dist-packages/turtlesim/msg
[1.528s] -- Up-to-date: /home/murilo_prianti/Documents/GitHub/prova_sem_5/install/turtlesim/local/lib/python3.10/dist-packages/turtlesim/msg/_pose.py
[1.528s] -- Up-to-date: /home/murilo_prianti/Documents/GitHub/prova_sem_5/install/turtlesim/local/lib/python3.10/dist-packages/turtlesim/msg/_pose_s.c
[1.529s] -- Up-to-date: /home/murilo_prianti/Documents/GitHub/prova_sem_5/install/turtlesim/local/lib/python3.10/dist-packages/turtlesim/msg/_color.py
[1.529s] -- Up-to-date: /home/murilo_prianti/Documents/GitHub/prova_sem_5/install/turtlesim/local/lib/python3.10/dist-packages/turtlesim/msg/__init__.py
[1.529s] -- Up-to-date: /home/murilo_prianti/Documents/GitHub/prova_sem_5/install/turtlesim/local/lib/python3.10/dist-packages/turtlesim/msg/_color_s.c
[1.529s] -- Up-to-date: /home/murilo_prianti/Documents/GitHub/prova_sem_5/install/turtlesim/local/lib/python3.10/dist-packages/turtlesim/srv
[1.529s] -- Up-to-date: /home/murilo_prianti/Documents/GitHub/prova_sem_5/install/turtlesim/local/lib/python3.10/dist-packages/turtlesim/srv/_teleport_relative_s.c
[1.529s] -- Up-to-date: /home/murilo_prianti/Documents/GitHub/prova_sem_5/install/turtlesim/local/lib/python3.10/dist-packages/turtlesim/srv/_teleport_absolute.py
[1.530s] -- Up-to-date: /home/murilo_prianti/Documents/GitHub/prova_sem_5/install/turtlesim/local/lib/python3.10/dist-packages/turtlesim/srv/_teleport_relative.py
[1.530s] -- Up-to-date: /home/murilo_prianti/Documents/GitHub/prova_sem_5/install/turtlesim/local/lib/python3.10/dist-packages/turtlesim/srv/_spawn_s.c
[1.530s] -- Up-to-date: /home/murilo_prianti/Documents/GitHub/prova_sem_5/install/turtlesim/local/lib/python3.10/dist-packages/turtlesim/srv/_teleport_absolute_s.c
[1.530s] -- Up-to-date: /home/murilo_prianti/Documents/GitHub/prova_sem_5/install/turtlesim/local/lib/python3.10/dist-packages/turtlesim/srv/__init__.py
[1.530s] -- Up-to-date: /home/murilo_prianti/Documents/GitHub/prova_sem_5/install/turtlesim/local/lib/python3.10/dist-packages/turtlesim/srv/_kill_s.c
[1.530s] -- Up-to-date: /home/murilo_prianti/Documents/GitHub/prova_sem_5/install/turtlesim/local/lib/python3.10/dist-packages/turtlesim/srv/_kill.py
[1.530s] -- Up-to-date: /home/murilo_prianti/Documents/GitHub/prova_sem_5/install/turtlesim/local/lib/python3.10/dist-packages/turtlesim/srv/_set_pen_s.c
[1.530s] -- Up-to-date: /home/murilo_prianti/Documents/GitHub/prova_sem_5/install/turtlesim/local/lib/python3.10/dist-packages/turtlesim/srv/_set_pen.py
[1.531s] -- Up-to-date: /home/murilo_prianti/Documents/GitHub/prova_sem_5/install/turtlesim/local/lib/python3.10/dist-packages/turtlesim/srv/_spawn.py
[1.531s] -- Up-to-date: /home/murilo_prianti/Documents/GitHub/prova_sem_5/install/turtlesim/local/lib/python3.10/dist-packages/turtlesim/libturtlesim__rosidl_generator_py.so
[1.537s] Listing '/home/murilo_prianti/Documents/GitHub/prova_sem_5/install/turtlesim/local/lib/python3.10/dist-packages/turtlesim'...
[1.537s] Listing '/home/murilo_prianti/Documents/GitHub/prova_sem_5/install/turtlesim/local/lib/python3.10/dist-packages/turtlesim/action'...
[1.537s] Listing '/home/murilo_prianti/Documents/GitHub/prova_sem_5/install/turtlesim/local/lib/python3.10/dist-packages/turtlesim/msg'...
[1.537s] Listing '/home/murilo_prianti/Documents/GitHub/prova_sem_5/install/turtlesim/local/lib/python3.10/dist-packages/turtlesim/srv'...
[1.537s] -- Up-to-date: /home/murilo_prianti/Documents/GitHub/prova_sem_5/install/turtlesim/local/lib/python3.10/dist-packages/turtlesim/turtlesim_s__rosidl_typesupport_fastrtps_c.cpython-310-x86_64-linux-gnu.so
[1.537s] -- Up-to-date: /home/murilo_prianti/Documents/GitHub/prova_sem_5/install/turtlesim/local/lib/python3.10/dist-packages/turtlesim/turtlesim_s__rosidl_typesupport_introspection_c.cpython-310-x86_64-linux-gnu.so
[1.537s] -- Up-to-date: /home/murilo_prianti/Documents/GitHub/prova_sem_5/install/turtlesim/local/lib/python3.10/dist-packages/turtlesim/turtlesim_s__rosidl_typesupport_c.cpython-310-x86_64-linux-gnu.so
[1.538s] -- Up-to-date: /home/murilo_prianti/Documents/GitHub/prova_sem_5/install/turtlesim/lib/libturtlesim__rosidl_generator_py.so
[1.538s] -- Up-to-date: /home/murilo_prianti/Documents/GitHub/prova_sem_5/install/turtlesim/share/turtlesim/action/RotateAbsolute.idl
[1.538s] -- Up-to-date: /home/murilo_prianti/Documents/GitHub/prova_sem_5/install/turtlesim/share/turtlesim/msg/Color.idl
[1.538s] -- Up-to-date: /home/murilo_prianti/Documents/GitHub/prova_sem_5/install/turtlesim/share/turtlesim/msg/Pose.idl
[1.538s] -- Up-to-date: /home/murilo_prianti/Documents/GitHub/prova_sem_5/install/turtlesim/share/turtlesim/srv/Kill.idl
[1.538s] -- Up-to-date: /home/murilo_prianti/Documents/GitHub/prova_sem_5/install/turtlesim/share/turtlesim/srv/SetPen.idl
[1.538s] -- Up-to-date: /home/murilo_prianti/Documents/GitHub/prova_sem_5/install/turtlesim/share/turtlesim/srv/Spawn.idl
[1.538s] -- Up-to-date: /home/murilo_prianti/Documents/GitHub/prova_sem_5/install/turtlesim/share/turtlesim/srv/TeleportAbsolute.idl
[1.538s] -- Up-to-date: /home/murilo_prianti/Documents/GitHub/prova_sem_5/install/turtlesim/share/turtlesim/srv/TeleportRelative.idl
[1.538s] -- Up-to-date: /home/murilo_prianti/Documents/GitHub/prova_sem_5/install/turtlesim/share/turtlesim/action/RotateAbsolute.action
[1.538s] -- Up-to-date: /home/murilo_prianti/Documents/GitHub/prova_sem_5/install/turtlesim/share/turtlesim/msg/Color.msg
[1.539s] -- Up-to-date: /home/murilo_prianti/Documents/GitHub/prova_sem_5/install/turtlesim/share/turtlesim/msg/Pose.msg
[1.539s] -- Up-to-date: /home/murilo_prianti/Documents/GitHub/prova_sem_5/install/turtlesim/share/turtlesim/srv/Kill.srv
[1.539s] -- Up-to-date: /home/murilo_prianti/Documents/GitHub/prova_sem_5/install/turtlesim/share/turtlesim/srv/Kill_Request.msg
[1.539s] -- Up-to-date: /home/murilo_prianti/Documents/GitHub/prova_sem_5/install/turtlesim/share/turtlesim/srv/Kill_Response.msg
[1.539s] -- Up-to-date: /home/murilo_prianti/Documents/GitHub/prova_sem_5/install/turtlesim/share/turtlesim/srv/SetPen.srv
[1.539s] -- Up-to-date: /home/murilo_prianti/Documents/GitHub/prova_sem_5/install/turtlesim/share/turtlesim/srv/SetPen_Request.msg
[1.539s] -- Up-to-date: /home/murilo_prianti/Documents/GitHub/prova_sem_5/install/turtlesim/share/turtlesim/srv/SetPen_Response.msg
[1.539s] -- Up-to-date: /home/murilo_prianti/Documents/GitHub/prova_sem_5/install/turtlesim/share/turtlesim/srv/Spawn.srv
[1.539s] -- Up-to-date: /home/murilo_prianti/Documents/GitHub/prova_sem_5/install/turtlesim/share/turtlesim/srv/Spawn_Request.msg
[1.539s] -- Up-to-date: /home/murilo_prianti/Documents/GitHub/prova_sem_5/install/turtlesim/share/turtlesim/srv/Spawn_Response.msg
[1.539s] -- Up-to-date: /home/murilo_prianti/Documents/GitHub/prova_sem_5/install/turtlesim/share/turtlesim/srv/TeleportAbsolute.srv
[1.539s] -- Up-to-date: /home/murilo_prianti/Documents/GitHub/prova_sem_5/install/turtlesim/share/turtlesim/srv/TeleportAbsolute_Request.msg
[1.539s] -- Up-to-date: /home/murilo_prianti/Documents/GitHub/prova_sem_5/install/turtlesim/share/turtlesim/srv/TeleportAbsolute_Response.msg
[1.540s] -- Up-to-date: /home/murilo_prianti/Documents/GitHub/prova_sem_5/install/turtlesim/share/turtlesim/srv/TeleportRelative.srv
[1.540s] -- Up-to-date: /home/murilo_prianti/Documents/GitHub/prova_sem_5/install/turtlesim/share/turtlesim/srv/TeleportRelative_Request.msg
[1.540s] -- Up-to-date: /home/murilo_prianti/Documents/GitHub/prova_sem_5/install/turtlesim/share/turtlesim/srv/TeleportRelative_Response.msg
[1.540s] -- Up-to-date: /home/murilo_prianti/Documents/GitHub/prova_sem_5/install/turtlesim/lib/turtlesim/turtlesim_node
[1.540s] -- Up-to-date: /home/murilo_prianti/Documents/GitHub/prova_sem_5/install/turtlesim/lib/turtlesim/turtle_teleop_key
[1.540s] -- Up-to-date: /home/murilo_prianti/Documents/GitHub/prova_sem_5/install/turtlesim/lib/turtlesim/draw_square
[1.540s] -- Up-to-date: /home/murilo_prianti/Documents/GitHub/prova_sem_5/install/turtlesim/lib/turtlesim/mimic
[1.540s] -- Up-to-date: /home/murilo_prianti/Documents/GitHub/prova_sem_5/install/turtlesim/share/turtlesim/images
[1.540s] -- Up-to-date: /home/murilo_prianti/Documents/GitHub/prova_sem_5/install/turtlesim/share/turtlesim/images/eloquent.png
[1.540s] -- Up-to-date: /home/murilo_prianti/Documents/GitHub/prova_sem_5/install/turtlesim/share/turtlesim/images/dashing.png
[1.540s] -- Up-to-date: /home/murilo_prianti/Documents/GitHub/prova_sem_5/install/turtlesim/share/turtlesim/images/bouncy.png
[1.540s] -- Up-to-date: /home/murilo_prianti/Documents/GitHub/prova_sem_5/install/turtlesim/share/turtlesim/images/humble.png
[1.540s] -- Up-to-date: /home/murilo_prianti/Documents/GitHub/prova_sem_5/install/turtlesim/share/turtlesim/images/rolling.png
[1.541s] -- Up-to-date: /home/murilo_prianti/Documents/GitHub/prova_sem_5/install/turtlesim/share/turtlesim/images/crystal.png
[1.541s] -- Up-to-date: /home/murilo_prianti/Documents/GitHub/prova_sem_5/install/turtlesim/share/turtlesim/images/foxy.png
[1.541s] -- Up-to-date: /home/murilo_prianti/Documents/GitHub/prova_sem_5/install/turtlesim/share/turtlesim/images/galactic.png
[1.541s] -- Up-to-date: /home/murilo_prianti/Documents/GitHub/prova_sem_5/install/turtlesim/share/turtlesim/images/ardent.png
[1.541s] -- Up-to-date: /home/murilo_prianti/Documents/GitHub/prova_sem_5/install/turtlesim/share/turtlesim/launch
[1.541s] -- Up-to-date: /home/murilo_prianti/Documents/GitHub/prova_sem_5/install/turtlesim/share/turtlesim/launch/multisim.launch.py
[1.541s] -- Up-to-date: /home/murilo_prianti/Documents/GitHub/prova_sem_5/install/turtlesim/share/ament_index/resource_index/package_run_dependencies/turtlesim
[1.541s] -- Up-to-date: /home/murilo_prianti/Documents/GitHub/prova_sem_5/install/turtlesim/share/ament_index/resource_index/parent_prefix_path/turtlesim
[1.541s] -- Up-to-date: /home/murilo_prianti/Documents/GitHub/prova_sem_5/install/turtlesim/share/turtlesim/environment/ament_prefix_path.sh
[1.541s] -- Up-to-date: /home/murilo_prianti/Documents/GitHub/prova_sem_5/install/turtlesim/share/turtlesim/environment/ament_prefix_path.dsv
[1.541s] -- Up-to-date: /home/murilo_prianti/Documents/GitHub/prova_sem_5/install/turtlesim/share/turtlesim/environment/path.sh
[1.541s] -- Up-to-date: /home/murilo_prianti/Documents/GitHub/prova_sem_5/install/turtlesim/share/turtlesim/environment/path.dsv
[1.541s] -- Up-to-date: /home/murilo_prianti/Documents/GitHub/prova_sem_5/install/turtlesim/share/turtlesim/local_setup.bash
[1.541s] -- Up-to-date: /home/murilo_prianti/Documents/GitHub/prova_sem_5/install/turtlesim/share/turtlesim/local_setup.sh
[1.542s] -- Up-to-date: /home/murilo_prianti/Documents/GitHub/prova_sem_5/install/turtlesim/share/turtlesim/local_setup.zsh
[1.542s] -- Up-to-date: /home/murilo_prianti/Documents/GitHub/prova_sem_5/install/turtlesim/share/turtlesim/local_setup.dsv
[1.542s] -- Installing: /home/murilo_prianti/Documents/GitHub/prova_sem_5/install/turtlesim/share/turtlesim/package.dsv
[1.542s] -- Up-to-date: /home/murilo_prianti/Documents/GitHub/prova_sem_5/install/turtlesim/share/ament_index/resource_index/packages/turtlesim
[1.542s] -- Up-to-date: /home/murilo_prianti/Documents/GitHub/prova_sem_5/install/turtlesim/share/turtlesim/cmake/export_turtlesim__rosidl_generator_cExport.cmake
[1.542s] -- Up-to-date: /home/murilo_prianti/Documents/GitHub/prova_sem_5/install/turtlesim/share/turtlesim/cmake/export_turtlesim__rosidl_generator_cExport-noconfig.cmake
[1.542s] -- Up-to-date: /home/murilo_prianti/Documents/GitHub/prova_sem_5/install/turtlesim/share/turtlesim/cmake/export_turtlesim__rosidl_typesupport_fastrtps_cExport.cmake
[1.542s] -- Up-to-date: /home/murilo_prianti/Documents/GitHub/prova_sem_5/install/turtlesim/share/turtlesim/cmake/export_turtlesim__rosidl_typesupport_fastrtps_cExport-noconfig.cmake
[1.542s] -- Up-to-date: /home/murilo_prianti/Documents/GitHub/prova_sem_5/install/turtlesim/share/turtlesim/cmake/export_turtlesim__rosidl_generator_cppExport.cmake
[1.542s] -- Up-to-date: /home/murilo_prianti/Documents/GitHub/prova_sem_5/install/turtlesim/share/turtlesim/cmake/export_turtlesim__rosidl_typesupport_fastrtps_cppExport.cmake
[1.542s] -- Up-to-date: /home/murilo_prianti/Documents/GitHub/prova_sem_5/install/turtlesim/share/turtlesim/cmake/export_turtlesim__rosidl_typesupport_fastrtps_cppExport-noconfig.cmake
[1.542s] -- Up-to-date: /home/murilo_prianti/Documents/GitHub/prova_sem_5/install/turtlesim/share/turtlesim/cmake/turtlesim__rosidl_typesupport_introspection_cExport.cmake
[1.542s] -- Up-to-date: /home/murilo_prianti/Documents/GitHub/prova_sem_5/install/turtlesim/share/turtlesim/cmake/turtlesim__rosidl_typesupport_introspection_cExport-noconfig.cmake
[1.543s] -- Up-to-date: /home/murilo_prianti/Documents/GitHub/prova_sem_5/install/turtlesim/share/turtlesim/cmake/turtlesim__rosidl_typesupport_cExport.cmake
[1.543s] -- Up-to-date: /home/murilo_prianti/Documents/GitHub/prova_sem_5/install/turtlesim/share/turtlesim/cmake/turtlesim__rosidl_typesupport_cExport-noconfig.cmake
[1.543s] -- Up-to-date: /home/murilo_prianti/Documents/GitHub/prova_sem_5/install/turtlesim/share/turtlesim/cmake/turtlesim__rosidl_typesupport_introspection_cppExport.cmake
[1.543s] -- Up-to-date: /home/murilo_prianti/Documents/GitHub/prova_sem_5/install/turtlesim/share/turtlesim/cmake/turtlesim__rosidl_typesupport_introspection_cppExport-noconfig.cmake
[1.543s] -- Up-to-date: /home/murilo_prianti/Documents/GitHub/prova_sem_5/install/turtlesim/share/turtlesim/cmake/turtlesim__rosidl_typesupport_cppExport.cmake
[1.543s] -- Up-to-date: /home/murilo_prianti/Documents/GitHub/prova_sem_5/install/turtlesim/share/turtlesim/cmake/turtlesim__rosidl_typesupport_cppExport-noconfig.cmake
[1.543s] -- Up-to-date: /home/murilo_prianti/Documents/GitHub/prova_sem_5/install/turtlesim/share/turtlesim/cmake/export_turtlesim__rosidl_generator_pyExport.cmake
[1.543s] -- Up-to-date: /home/murilo_prianti/Documents/GitHub/prova_sem_5/install/turtlesim/share/turtlesim/cmake/export_turtlesim__rosidl_generator_pyExport-noconfig.cmake
[1.543s] -- Up-to-date: /home/murilo_prianti/Documents/GitHub/prova_sem_5/install/turtlesim/share/turtlesim/cmake/rosidl_cmake-extras.cmake
[1.543s] -- Up-to-date: /home/murilo_prianti/Documents/GitHub/prova_sem_5/install/turtlesim/share/turtlesim/cmake/ament_cmake_export_dependencies-extras.cmake
[1.543s] -- Up-to-date: /home/murilo_prianti/Documents/GitHub/prova_sem_5/install/turtlesim/share/turtlesim/cmake/ament_cmake_export_include_directories-extras.cmake
[1.543s] -- Up-to-date: /home/murilo_prianti/Documents/GitHub/prova_sem_5/install/turtlesim/share/turtlesim/cmake/ament_cmake_export_libraries-extras.cmake
[1.543s] -- Up-to-date: /home/murilo_prianti/Documents/GitHub/prova_sem_5/install/turtlesim/share/turtlesim/cmake/ament_cmake_export_targets-extras.cmake
[1.543s] -- Up-to-date: /home/murilo_prianti/Documents/GitHub/prova_sem_5/install/turtlesim/share/turtlesim/cmake/rosidl_cmake_export_typesupport_targets-extras.cmake
[1.543s] -- Up-to-date: /home/murilo_prianti/Documents/GitHub/prova_sem_5/install/turtlesim/share/turtlesim/cmake/rosidl_cmake_export_typesupport_libraries-extras.cmake
[1.543s] -- Up-to-date: /home/murilo_prianti/Documents/GitHub/prova_sem_5/install/turtlesim/share/turtlesim/cmake/turtlesimConfig.cmake
[1.543s] -- Up-to-date: /home/murilo_prianti/Documents/GitHub/prova_sem_5/install/turtlesim/share/turtlesim/cmake/turtlesimConfig-version.cmake
[1.544s] -- Up-to-date: /home/murilo_prianti/Documents/GitHub/prova_sem_5/install/turtlesim/share/turtlesim/package.xml
[1.545s] Invoked command in '/home/murilo_prianti/Documents/GitHub/prova_sem_5/build/turtlesim' returned '0': CMAKE_PREFIX_PATH=${CMAKE_PREFIX_PATH}:/opt/ros/humble /usr/bin/cmake --install /home/murilo_prianti/Documents/GitHub/prova_sem_5/build/turtlesim
