[0.919s] Invoking command in '/home/murilo_prianti/Documents/GitHub/prova_sem_5/meu_workspace/src/ola_mundo': PYTHONPATH=/home/murilo_prianti/Documents/GitHub/prova_sem_5/build/ola_mundo/prefix_override:/home/murilo_prianti/Documents/GitHub/prova_sem_5/install/ola_mundo/lib/python3.10/site-packages:${PYTHONPATH} /usr/bin/python3 -W ignore:setup.py install is deprecated setup.py egg_info --egg-base ../../../build/ola_mundo build --build-base /home/murilo_prianti/Documents/GitHub/prova_sem_5/build/ola_mundo/build install --record /home/murilo_prianti/Documents/GitHub/prova_sem_5/build/ola_mundo/install.log --single-version-externally-managed install_data
[1.123s] running egg_info
[1.124s] writing ../../../build/ola_mundo/ola_mundo.egg-info/PKG-INFO
[1.130s] writing dependency_links to ../../../build/ola_mundo/ola_mundo.egg-info/dependency_links.txt
[1.130s] writing entry points to ../../../build/ola_mundo/ola_mundo.egg-info/entry_points.txt
[1.130s] writing requirements to ../../../build/ola_mundo/ola_mundo.egg-info/requires.txt
[1.130s] writing top-level names to ../../../build/ola_mundo/ola_mundo.egg-info/top_level.txt
[1.132s] reading manifest file '../../../build/ola_mundo/ola_mundo.egg-info/SOURCES.txt'
[1.138s] writing manifest file '../../../build/ola_mundo/ola_mundo.egg-info/SOURCES.txt'
[1.151s] running build
[1.151s] running build_py
[1.151s] running install
[1.151s] running install_lib
[1.152s] running install_data
[1.152s] running install_egg_info
[1.154s] removing '/home/murilo_prianti/Documents/GitHub/prova_sem_5/install/ola_mundo/lib/python3.10/site-packages/ola_mundo-0.0.0-py3.10.egg-info' (and everything under it)
[1.154s] Copying ../../../build/ola_mundo/ola_mundo.egg-info to /home/murilo_prianti/Documents/GitHub/prova_sem_5/install/ola_mundo/lib/python3.10/site-packages/ola_mundo-0.0.0-py3.10.egg-info
[1.155s] running install_scripts
[1.172s] Installing ola script to /home/murilo_prianti/Documents/GitHub/prova_sem_5/install/ola_mundo/lib/ola_mundo
[1.183s] writing list of installed files to '/home/murilo_prianti/Documents/GitHub/prova_sem_5/build/ola_mundo/install.log'
[1.210s] Invoked command in '/home/murilo_prianti/Documents/GitHub/prova_sem_5/meu_workspace/src/ola_mundo' returned '0': PYTHONPATH=/home/murilo_prianti/Documents/GitHub/prova_sem_5/build/ola_mundo/prefix_override:/home/murilo_prianti/Documents/GitHub/prova_sem_5/install/ola_mundo/lib/python3.10/site-packages:${PYTHONPATH} /usr/bin/python3 -W ignore:setup.py install is deprecated setup.py egg_info --egg-base ../../../build/ola_mundo build --build-base /home/murilo_prianti/Documents/GitHub/prova_sem_5/build/ola_mundo/build install --record /home/murilo_prianti/Documents/GitHub/prova_sem_5/build/ola_mundo/install.log --single-version-externally-managed install_data
